\BOOKMARK [0][-]{chapter.1}{\376\377\000O\000r\000g\000a\000n\000i\000z\000a\000t\000i\000o\000n}{}% 1
\BOOKMARK [0][-]{chapter.2}{\376\377\000A\000n\000i\000m\000a\000t\000i\000o\000n}{}% 2
\BOOKMARK [0][-]{chapter.3}{\376\377\000A\000n\000t\000e\000n\000n\000a\000\040\000M\000o\000d\000u\000l\000e}{}% 3
\BOOKMARK [0][-]{chapter.4}{\376\377\000A\000d\000\040\000H\000o\000c\000\040\000O\000n\000-\000D\000e\000m\000a\000n\000d\000\040\000D\000i\000s\000t\000a\000n\000c\000e\000\040\000V\000e\000c\000t\000o\000r\000\040\000\050\000A\000O\000D\000V\000\051}{}% 4
\BOOKMARK [0][-]{chapter.5}{\376\377\0003\000G\000P\000P\000\040\000H\000T\000T\000P\000\040\000a\000p\000p\000l\000i\000c\000a\000t\000i\000o\000n\000s}{}% 5
\BOOKMARK [0][-]{chapter.6}{\376\377\000B\000r\000i\000d\000g\000e\000\040\000N\000e\000t\000D\000e\000v\000i\000c\000e}{}% 6
\BOOKMARK [0][-]{chapter.7}{\376\377\000B\000R\000I\000T\000E\000\040\000I\000n\000t\000e\000g\000r\000a\000t\000i\000o\000n}{}% 7
\BOOKMARK [0][-]{chapter.8}{\376\377\000B\000u\000i\000l\000d\000i\000n\000g\000s\000\040\000M\000o\000d\000u\000l\000e}{}% 8
\BOOKMARK [0][-]{chapter.9}{\376\377\000C\000l\000i\000c\000k\000\040\000M\000o\000d\000u\000l\000a\000r\000\040\000R\000o\000u\000t\000e\000r\000\040\000I\000n\000t\000e\000g\000r\000a\000t\000i\000o\000n}{}% 9
\BOOKMARK [0][-]{chapter.10}{\376\377\000C\000S\000M\000A\000\040\000N\000e\000t\000D\000e\000v\000i\000c\000e}{}% 10
\BOOKMARK [0][-]{chapter.11}{\376\377\000D\000S\000D\000V\000\040\000R\000o\000u\000t\000i\000n\000g}{}% 11
\BOOKMARK [0][-]{chapter.12}{\376\377\000D\000S\000R\000\040\000R\000o\000u\000t\000i\000n\000g}{}% 12
\BOOKMARK [0][-]{chapter.13}{\376\377\000E\000m\000u\000l\000a\000t\000i\000o\000n\000\040\000O\000v\000e\000r\000v\000i\000e\000w}{}% 13
\BOOKMARK [0][-]{chapter.14}{\376\377\000E\000n\000e\000r\000g\000y\000\040\000F\000r\000a\000m\000e\000w\000o\000r\000k}{}% 14
\BOOKMARK [0][-]{chapter.15}{\376\377\000F\000i\000l\000e\000\040\000D\000e\000s\000c\000r\000i\000p\000t\000o\000r\000\040\000N\000e\000t\000D\000e\000v\000i\000c\000e}{}% 15
\BOOKMARK [0][-]{chapter.16}{\376\377\000F\000l\000o\000w\000\040\000M\000o\000n\000i\000t\000o\000r}{}% 16
\BOOKMARK [0][-]{chapter.17}{\376\377\000I\000n\000t\000e\000r\000n\000e\000t\000\040\000M\000o\000d\000e\000l\000s\000\040\000\050\000I\000P\000,\000\040\000T\000C\000P\000,\000\040\000R\000o\000u\000t\000i\000n\000g\000,\000\040\000U\000D\000P\000,\000\040\000I\000n\000t\000e\000r\000n\000e\000t\000\040\000A\000p\000p\000l\000i\000c\000a\000t\000i\000o\000n\000s\000\051}{}% 17
\BOOKMARK [0][-]{chapter.18}{\376\377\000L\000o\000R\000a\000W\000A\000N\000\040\000M\000o\000d\000u\000l\000e}{}% 18
\BOOKMARK [0][-]{chapter.19}{\376\377\000L\000o\000w\000-\000R\000a\000t\000e\000\040\000W\000i\000r\000e\000l\000e\000s\000s\000\040\000P\000e\000r\000s\000o\000n\000a\000l\000\040\000A\000r\000e\000a\000\040\000N\000e\000t\000w\000o\000r\000k\000\040\000\050\000L\000R\000-\000W\000P\000A\000N\000\051}{}% 19
\BOOKMARK [0][-]{chapter.20}{\376\377\000L\000T\000E\000\040\000M\000o\000d\000u\000l\000e}{}% 20
\BOOKMARK [0][-]{chapter.21}{\376\377\000W\000i\000-\000F\000i\000\040\000M\000e\000s\000h\000\040\000M\000o\000d\000u\000l\000e\000\040\000D\000o\000c\000u\000m\000e\000n\000t\000a\000t\000i\000o\000n}{}% 21
\BOOKMARK [0][-]{chapter.22}{\376\377\000M\000P\000I\000\040\000f\000o\000r\000\040\000D\000i\000s\000t\000r\000i\000b\000u\000t\000e\000d\000\040\000S\000i\000m\000u\000l\000a\000t\000i\000o\000n}{}% 22
\BOOKMARK [0][-]{chapter.23}{\376\377\000M\000o\000b\000i\000l\000i\000t\000y}{}% 23
\BOOKMARK [0][-]{chapter.24}{\376\377\000N\000e\000t\000w\000o\000r\000k\000\040\000M\000o\000d\000u\000l\000e}{}% 24
\BOOKMARK [0][-]{chapter.25}{\376\377\000N\000i\000x\000-\000V\000e\000c\000t\000o\000r\000\040\000R\000o\000u\000t\000i\000n\000g\000\040\000D\000o\000c\000u\000m\000e\000n\000t\000a\000t\000i\000o\000n}{}% 25
\BOOKMARK [0][-]{chapter.26}{\376\377\000O\000p\000t\000i\000m\000i\000z\000e\000d\000\040\000L\000i\000n\000k\000\040\000S\000t\000a\000t\000e\000\040\000R\000o\000u\000t\000i\000n\000g\000\040\000\050\000O\000L\000S\000R\000\051}{}% 26
\BOOKMARK [0][-]{chapter.27}{\376\377\000O\000p\000e\000n\000F\000l\000o\000w\000\040\000s\000w\000i\000t\000c\000h\000\040\000s\000u\000p\000p\000o\000r\000t}{}% 27
\BOOKMARK [0][-]{chapter.28}{\376\377\000P\000o\000i\000n\000t\000T\000o\000P\000o\000i\000n\000t\000\040\000N\000e\000t\000D\000e\000v\000i\000c\000e}{}% 28
\BOOKMARK [0][-]{chapter.29}{\376\377\000P\000r\000o\000p\000a\000g\000a\000t\000i\000o\000n}{}% 29
\BOOKMARK [0][-]{chapter.30}{\376\377\000S\000p\000e\000c\000t\000r\000u\000m\000\040\000M\000o\000d\000u\000l\000e}{}% 30
\BOOKMARK [0][-]{chapter.31}{\376\377\0006\000L\000o\000W\000P\000A\000N\000:\000\040\000T\000r\000a\000n\000s\000m\000i\000s\000s\000i\000o\000n\000\040\000o\000f\000\040\000I\000P\000v\0006\000\040\000P\000a\000c\000k\000e\000t\000s\000\040\000o\000v\000e\000r\000\040\000I\000E\000E\000E\000\040\0008\0000\0002\000.\0001\0005\000.\0004\000\040\000N\000e\000t\000w\000o\000r\000k\000s}{}% 31
\BOOKMARK [0][-]{chapter.32}{\376\377\000T\000a\000p\000\040\000N\000e\000t\000D\000e\000v\000i\000c\000e}{}% 32
\BOOKMARK [0][-]{chapter.33}{\376\377\000T\000o\000p\000o\000l\000o\000g\000y\000\040\000I\000n\000p\000u\000t\000\040\000R\000e\000a\000d\000e\000r\000s}{}% 33
\BOOKMARK [0][-]{chapter.34}{\376\377\000T\000r\000a\000f\000f\000i\000c\000\040\000C\000o\000n\000t\000r\000o\000l\000\040\000L\000a\000y\000e\000r}{}% 34
\BOOKMARK [0][-]{chapter.35}{\376\377\000U\000A\000N\000\040\000F\000r\000a\000m\000e\000w\000o\000r\000k}{}% 35
\BOOKMARK [0][-]{chapter.36}{\376\377\000W\000A\000V\000E\000\040\000m\000o\000d\000e\000l\000s}{}% 36
\BOOKMARK [0][-]{chapter.37}{\376\377\000W\000i\000-\000F\000i\000\040\000M\000o\000d\000u\000l\000e}{}% 37
\BOOKMARK [0][-]{chapter.38}{\376\377\000W\000i\000m\000a\000x\000\040\000N\000e\000t\000D\000e\000v\000i\000c\000e}{}% 38
\BOOKMARK [0][-]{chapter*.581}{\376\377\000B\000i\000b\000l\000i\000o\000g\000r\000a\000p\000h\000y}{}% 39
\BOOKMARK [0][-]{section*.582}{\376\377\000I\000n\000d\000e\000x}{}% 40
