\BOOKMARK [0][-]{chapter.1}{\376\377\000O\000r\000g\000a\000n\000i\000z\000a\000t\000i\000o\000n}{}% 1
\BOOKMARK [0][-]{chapter.2}{\376\377\000S\000i\000m\000u\000l\000a\000t\000o\000r}{}% 2
\BOOKMARK [1][-]{section.2.1}{\376\377\000E\000v\000e\000n\000t\000s\000\040\000a\000n\000d\000\040\000S\000i\000m\000u\000l\000a\000t\000o\000r}{chapter.2}% 3
\BOOKMARK [2][-]{subsection.2.1.1}{\376\377\000E\000v\000e\000n\000t}{section.2.1}% 4
\BOOKMARK [2][-]{subsection.2.1.2}{\376\377\000S\000i\000m\000u\000l\000a\000t\000o\000r}{section.2.1}% 5
\BOOKMARK [3][-]{subsubsection*.3}{\376\377\000A\000v\000a\000i\000l\000a\000b\000l\000e\000\040\000S\000i\000m\000u\000l\000a\000t\000o\000r\000\040\000E\000n\000g\000i\000n\000e\000s}{subsection.2.1.2}% 6
\BOOKMARK [2][-]{subsection.2.1.3}{\376\377\000T\000i\000m\000e}{section.2.1}% 7
\BOOKMARK [2][-]{subsection.2.1.4}{\376\377\000S\000c\000h\000e\000d\000u\000l\000e\000r}{section.2.1}% 8
\BOOKMARK [1][-]{section.2.2}{\376\377\000C\000a\000l\000l\000b\000a\000c\000k\000s}{chapter.2}% 9
\BOOKMARK [2][-]{subsection.2.2.1}{\376\377\000C\000a\000l\000l\000b\000a\000c\000k\000s\000\040\000M\000o\000t\000i\000v\000a\000t\000i\000o\000n}{section.2.2}% 10
\BOOKMARK [2][-]{subsection.2.2.2}{\376\377\000C\000a\000l\000l\000b\000a\000c\000k\000s\000\040\000B\000a\000c\000k\000g\000r\000o\000u\000n\000d}{section.2.2}% 11
\BOOKMARK [2][-]{subsection.2.2.3}{\376\377\000U\000s\000i\000n\000g\000\040\000t\000h\000e\000\040\000C\000a\000l\000l\000b\000a\000c\000k\000\040\000A\000P\000I}{section.2.2}% 12
\BOOKMARK [3][-]{subsubsection*.4}{\376\377\000U\000s\000i\000n\000g\000\040\000t\000h\000e\000\040\000C\000a\000l\000l\000b\000a\000c\000k\000\040\000A\000P\000I\000\040\000w\000i\000t\000h\000\040\000s\000t\000a\000t\000i\000c\000\040\000f\000u\000n\000c\000t\000i\000o\000n\000s}{subsection.2.2.3}% 13
\BOOKMARK [3][-]{subsubsection*.5}{\376\377\000U\000s\000i\000n\000g\000\040\000t\000h\000e\000\040\000C\000a\000l\000l\000b\000a\000c\000k\000\040\000A\000P\000I\000\040\000w\000i\000t\000h\000\040\000m\000e\000m\000b\000e\000r\000\040\000f\000u\000n\000c\000t\000i\000o\000n\000s}{subsection.2.2.3}% 14
\BOOKMARK [3][-]{subsubsection*.6}{\376\377\000B\000u\000i\000l\000d\000i\000n\000g\000\040\000N\000u\000l\000l\000\040\000C\000a\000l\000l\000b\000a\000c\000k\000s}{subsection.2.2.3}% 15
\BOOKMARK [2][-]{subsection.2.2.4}{\376\377\000B\000o\000u\000n\000d\000\040\000C\000a\000l\000l\000b\000a\000c\000k\000s}{section.2.2}% 16
\BOOKMARK [2][-]{subsection.2.2.5}{\376\377\000T\000r\000a\000c\000e\000d\000\040\000C\000a\000l\000l\000b\000a\000c\000k\000s}{section.2.2}% 17
\BOOKMARK [2][-]{subsection.2.2.6}{\376\377\000C\000a\000l\000l\000b\000a\000c\000k\000\040\000l\000o\000c\000a\000t\000i\000o\000n\000s\000\040\000i\000n\000\040\000n\000s\000-\0003}{section.2.2}% 18
\BOOKMARK [2][-]{subsection.2.2.7}{\376\377\000I\000m\000p\000l\000e\000m\000e\000n\000t\000a\000t\000i\000o\000n\000\040\000d\000e\000t\000a\000i\000l\000s}{section.2.2}% 19
\BOOKMARK [1][-]{section.2.3}{\376\377\000O\000b\000j\000e\000c\000t\000\040\000m\000o\000d\000e\000l}{chapter.2}% 20
\BOOKMARK [2][-]{subsection.2.3.1}{\376\377\000O\000b\000j\000e\000c\000t\000-\000o\000r\000i\000e\000n\000t\000e\000d\000\040\000b\000e\000h\000a\000v\000i\000o\000r}{section.2.3}% 21
\BOOKMARK [2][-]{subsection.2.3.2}{\376\377\000O\000b\000j\000e\000c\000t\000\040\000b\000a\000s\000e\000\040\000c\000l\000a\000s\000s\000e\000s}{section.2.3}% 22
\BOOKMARK [2][-]{subsection.2.3.3}{\376\377\000M\000e\000m\000o\000r\000y\000\040\000m\000a\000n\000a\000g\000e\000m\000e\000n\000t\000\040\000a\000n\000d\000\040\000c\000l\000a\000s\000s\000\040\000P\000t\000r}{section.2.3}% 23
\BOOKMARK [3][-]{subsubsection*.7}{\376\377\000R\000e\000f\000e\000r\000e\000n\000c\000e\000\040\000c\000o\000u\000n\000t\000i\000n\000g\000\040\000s\000m\000a\000r\000t\000\040\000p\000o\000i\000n\000t\000e\000r\000\040\000\050\000P\000t\000r\000\051}{subsection.2.3.3}% 24
\BOOKMARK [2][-]{subsection.2.3.4}{\376\377\000C\000r\000e\000a\000t\000e\000O\000b\000j\000e\000c\000t\000\040\000a\000n\000d\000\040\000C\000r\000e\000a\000t\000e}{section.2.3}% 25
\BOOKMARK [2][-]{subsection.2.3.5}{\376\377\000A\000g\000g\000r\000e\000g\000a\000t\000i\000o\000n}{section.2.3}% 26
\BOOKMARK [2][-]{subsection.2.3.6}{\376\377\000E\000x\000a\000m\000p\000l\000e\000s}{section.2.3}% 27
\BOOKMARK [3][-]{subsubsection*.8}{\376\377\000A\000g\000g\000r\000e\000g\000a\000t\000i\000o\000n\000\040\000e\000x\000a\000m\000p\000l\000e}{subsection.2.3.6}% 28
\BOOKMARK [3][-]{subsubsection*.9}{\376\377\000G\000e\000t\000O\000b\000j\000e\000c\000t\000\040\000e\000x\000a\000m\000p\000l\000e}{subsection.2.3.6}% 29
\BOOKMARK [2][-]{subsection.2.3.7}{\376\377\000O\000b\000j\000e\000c\000t\000\040\000f\000a\000c\000t\000o\000r\000i\000e\000s}{section.2.3}% 30
\BOOKMARK [2][-]{subsection.2.3.8}{\376\377\000D\000o\000w\000n\000c\000a\000s\000t\000i\000n\000g}{section.2.3}% 31
\BOOKMARK [1][-]{section.2.4}{\376\377\000C\000o\000n\000f\000i\000g\000u\000r\000a\000t\000i\000o\000n\000\040\000a\000n\000d\000\040\000A\000t\000t\000r\000i\000b\000u\000t\000e\000s}{chapter.2}% 32
\BOOKMARK [2][-]{subsection.2.4.1}{\376\377\000O\000b\000j\000e\000c\000t\000\040\000O\000v\000e\000r\000v\000i\000e\000w}{section.2.4}% 33
\BOOKMARK [3][-]{subsubsection*.10}{\376\377\000S\000m\000a\000r\000t\000\040\000P\000o\000i\000n\000t\000e\000r\000s}{subsection.2.4.1}% 34
\BOOKMARK [4][-]{paragraph*.11}{\376\377\000C\000r\000e\000a\000t\000e\000O\000b\000j\000e\000c\000t}{subsubsection*.10}% 35
\BOOKMARK [3][-]{subsubsection*.12}{\376\377\000T\000y\000p\000e\000I\000d}{subsection.2.4.1}% 36
\BOOKMARK [3][-]{subsubsection*.13}{\376\377\000O\000b\000j\000e\000c\000t\000\040\000S\000u\000m\000m\000a\000r\000y}{subsection.2.4.1}% 37
\BOOKMARK [2][-]{subsection.2.4.2}{\376\377\000A\000t\000t\000r\000i\000b\000u\000t\000e\000s}{section.2.4}% 38
\BOOKMARK [3][-]{subsubsection*.14}{\376\377\000A\000v\000a\000i\000l\000a\000b\000l\000e\000\040\000A\000t\000t\000r\000i\000b\000u\000t\000e\000V\000a\000l\000u\000e\000\040\000T\000y\000p\000e\000s}{subsection.2.4.2}% 39
\BOOKMARK [3][-]{subsubsection*.15}{\376\377\000D\000e\000f\000i\000n\000i\000n\000g\000\040\000A\000t\000t\000r\000i\000b\000u\000t\000e\000s}{subsection.2.4.2}% 40
\BOOKMARK [3][-]{subsubsection*.16}{\376\377\000S\000e\000t\000t\000i\000n\000g\000\040\000D\000e\000f\000a\000u\000l\000t\000\040\000V\000a\000l\000u\000e\000s}{subsection.2.4.2}% 41
\BOOKMARK [4][-]{paragraph*.17}{\376\377\000C\000o\000n\000f\000i\000g\000:\000:\000S\000e\000t\000D\000e\000f\000a\000u\000l\000t\000\040\000a\000n\000d\000\040\000C\000o\000m\000m\000a\000n\000d\000L\000i\000n\000e}{subsubsection*.16}% 42
\BOOKMARK [4][-]{paragraph*.18}{\376\377\000C\000o\000n\000s\000t\000r\000u\000c\000t\000o\000r\000s\000,\000\040\000H\000e\000l\000p\000e\000r\000s\000\040\000a\000n\000d\000\040\000O\000b\000j\000e\000c\000t\000F\000a\000c\000t\000o\000r\000y}{subsubsection*.16}% 43
\BOOKMARK [3][-]{subsubsection*.19}{\376\377\000C\000h\000a\000n\000g\000i\000n\000g\000\040\000V\000a\000l\000u\000e\000s}{subsection.2.4.2}% 44
\BOOKMARK [4][-]{paragraph*.20}{\376\377\000S\000m\000a\000r\000t\000P\000o\000i\000n\000t\000e\000r}{subsubsection*.19}% 45
\BOOKMARK [4][-]{paragraph*.21}{\376\377\000C\000o\000n\000f\000i\000g\000\040\000N\000a\000m\000e\000s\000p\000a\000c\000e\000\040\000P\000a\000t\000h}{subsubsection*.19}% 46
\BOOKMARK [4][-]{paragraph*.22}{\376\377\000O\000b\000j\000e\000c\000t\000\040\000N\000a\000m\000e\000\040\000S\000e\000r\000v\000i\000c\000e}{subsubsection*.19}% 47
\BOOKMARK [2][-]{subsection.2.4.3}{\376\377\000I\000m\000p\000l\000e\000m\000e\000n\000t\000a\000t\000i\000o\000n\000\040\000D\000e\000t\000a\000i\000l\000s}{section.2.4}% 48
\BOOKMARK [3][-]{subsubsection*.23}{\376\377\000V\000a\000l\000u\000e\000\040\000C\000l\000a\000s\000s\000e\000s}{subsection.2.4.3}% 49
\BOOKMARK [3][-]{subsubsection*.24}{\376\377\000I\000n\000i\000t\000i\000a\000l\000i\000z\000a\000t\000i\000o\000n\000\040\000O\000r\000d\000e\000r}{subsection.2.4.3}% 50
\BOOKMARK [3][-]{subsubsection*.25}{\376\377\000A\000d\000d\000i\000n\000g\000\040\000A\000t\000t\000r\000i\000b\000u\000t\000e\000s}{subsection.2.4.3}% 51
\BOOKMARK [4][-]{paragraph*.26}{\376\377\000E\000x\000i\000s\000t\000i\000n\000g\000\040\000M\000e\000m\000b\000e\000r\000\040\000V\000a\000r\000i\000a\000b\000l\000e}{subsubsection*.25}% 52
\BOOKMARK [4][-]{paragraph*.27}{\376\377\000N\000e\000w\000\040\000C\000l\000a\000s\000s\000\040\000T\000y\000p\000e\000I\000d}{subsubsection*.25}% 53
\BOOKMARK [4][-]{paragraph*.28}{\376\377\000N\000e\000w\000\040\000A\000t\000t\000r\000i\000b\000u\000t\000e\000V\000a\000l\000u\000e\000\040\000T\000y\000p\000e}{subsubsection*.25}% 54
\BOOKMARK [5][-]{subparagraph*.29}{\376\377\000H\000e\000a\000d\000e\000r\000\040\000F\000i\000l\000e}{paragraph*.28}% 55
\BOOKMARK [5][-]{subparagraph*.30}{\376\377\000I\000m\000p\000l\000e\000m\000e\000n\000t\000a\000t\000i\000o\000n\000\040\000F\000i\000l\000e}{paragraph*.28}% 56
\BOOKMARK [2][-]{subsection.2.4.4}{\376\377\000C\000o\000n\000f\000i\000g\000S\000t\000o\000r\000e}{section.2.4}% 57
\BOOKMARK [3][-]{subsubsection*.31}{\376\377\000W\000r\000i\000t\000i\000n\000g}{subsection.2.4.4}% 58
\BOOKMARK [3][-]{subsubsection*.32}{\376\377\000R\000e\000a\000d\000i\000n\000g}{subsection.2.4.4}% 59
\BOOKMARK [3][-]{subsubsection*.33}{\376\377\000R\000e\000a\000d\000i\000n\000g\000/\000W\000r\000i\000t\000i\000n\000g\000\040\000E\000x\000a\000m\000p\000l\000e}{subsection.2.4.4}% 60
\BOOKMARK [3][-]{subsubsection*.34}{\376\377\000C\000o\000n\000f\000i\000g\000S\000t\000o\000r\000e\000\040\000u\000s\000e\000\040\000c\000a\000s\000e\000s\000\040\000\050\000p\000r\000e\000-\000\040\000a\000n\000d\000\040\000p\000o\000s\000t\000-\000s\000i\000m\000u\000l\000a\000t\000i\000o\000n\000\051}{subsection.2.4.4}% 61
\BOOKMARK [3][-]{subsubsection*.35}{\376\377\000C\000o\000n\000f\000i\000g\000S\000t\000o\000r\000e\000\040\000G\000U\000I}{subsection.2.4.4}% 62
\BOOKMARK [1][-]{section.2.5}{\376\377\000O\000b\000j\000e\000c\000t\000\040\000n\000a\000m\000e\000s}{chapter.2}% 63
\BOOKMARK [1][-]{section.2.6}{\376\377\000R\000e\000a\000l\000T\000i\000m\000e}{chapter.2}% 64
\BOOKMARK [2][-]{subsection.2.6.1}{\376\377\000B\000e\000h\000a\000v\000i\000o\000r}{section.2.6}% 65
\BOOKMARK [2][-]{subsection.2.6.2}{\376\377\000U\000s\000a\000g\000e}{section.2.6}% 66
\BOOKMARK [2][-]{subsection.2.6.3}{\376\377\000I\000m\000p\000l\000e\000m\000e\000n\000t\000a\000t\000i\000o\000n}{section.2.6}% 67
\BOOKMARK [0][-]{chapter.3}{\376\377\000A\000d\000d\000i\000t\000i\000o\000n\000a\000l\000\040\000T\000o\000o\000l\000s}{}% 68
\BOOKMARK [1][-]{section.3.1}{\376\377\000R\000a\000n\000d\000o\000m\000\040\000V\000a\000r\000i\000a\000b\000l\000e\000s}{chapter.3}% 69
\BOOKMARK [2][-]{subsection.3.1.1}{\376\377\000Q\000u\000i\000c\000k\000\040\000O\000v\000e\000r\000v\000i\000e\000w}{section.3.1}% 70
\BOOKMARK [2][-]{subsection.3.1.2}{\376\377\000B\000a\000c\000k\000g\000r\000o\000u\000n\000d}{section.3.1}% 71
\BOOKMARK [2][-]{subsection.3.1.3}{\376\377\000C\000r\000e\000a\000t\000i\000n\000g\000\040\000r\000a\000n\000d\000o\000m\000\040\000v\000a\000r\000i\000a\000b\000l\000e\000s}{section.3.1}% 72
\BOOKMARK [2][-]{subsection.3.1.4}{\376\377\000S\000e\000e\000d\000i\000n\000g\000\040\000a\000n\000d\000\040\000i\000n\000d\000e\000p\000e\000n\000d\000e\000n\000t\000\040\000r\000e\000p\000l\000i\000c\000a\000t\000i\000o\000n\000s}{section.3.1}% 73
\BOOKMARK [2][-]{subsection.3.1.5}{\376\377\000C\000l\000a\000s\000s\000\040\000R\000a\000n\000d\000o\000m\000V\000a\000r\000i\000a\000b\000l\000e\000S\000t\000r\000e\000a\000m}{section.3.1}% 74
\BOOKMARK [2][-]{subsection.3.1.6}{\376\377\000B\000a\000s\000e\000\040\000c\000l\000a\000s\000s\000\040\000p\000u\000b\000l\000i\000c\000\040\000A\000P\000I}{section.3.1}% 75
\BOOKMARK [2][-]{subsection.3.1.7}{\376\377\000T\000y\000p\000e\000s\000\040\000o\000f\000\040\000R\000a\000n\000d\000o\000m\000V\000a\000r\000i\000a\000b\000l\000e\000s}{section.3.1}% 76
\BOOKMARK [2][-]{subsection.3.1.8}{\376\377\000S\000e\000m\000a\000n\000t\000i\000c\000s\000\040\000o\000f\000\040\000R\000a\000n\000d\000o\000m\000V\000a\000r\000i\000a\000b\000l\000e\000S\000t\000r\000e\000a\000m\000\040\000o\000b\000j\000e\000c\000t\000s}{section.3.1}% 77
\BOOKMARK [2][-]{subsection.3.1.9}{\376\377\000U\000s\000i\000n\000g\000\040\000o\000t\000h\000e\000r\000\040\000P\000R\000N\000G}{section.3.1}% 78
\BOOKMARK [2][-]{subsection.3.1.10}{\376\377\000S\000e\000t\000t\000i\000n\000g\000\040\000t\000h\000e\000\040\000s\000t\000r\000e\000a\000m\000\040\000n\000u\000m\000b\000e\000r}{section.3.1}% 79
\BOOKMARK [2][-]{subsection.3.1.11}{\376\377\000P\000u\000b\000l\000i\000s\000h\000i\000n\000g\000\040\000y\000o\000u\000r\000\040\000r\000e\000s\000u\000l\000t\000s}{section.3.1}% 80
\BOOKMARK [2][-]{subsection.3.1.12}{\376\377\000S\000u\000m\000m\000a\000r\000y}{section.3.1}% 81
\BOOKMARK [1][-]{section.3.2}{\376\377\000H\000a\000s\000h\000\040\000F\000u\000n\000c\000t\000i\000o\000n\000s}{chapter.3}% 82
\BOOKMARK [2][-]{subsection.3.2.1}{\376\377\000B\000a\000s\000i\000c\000\040\000U\000s\000a\000g\000e}{section.3.2}% 83
\BOOKMARK [2][-]{subsection.3.2.2}{\376\377\000I\000n\000c\000r\000e\000m\000e\000n\000t\000a\000l\000\040\000H\000a\000s\000h\000i\000n\000g}{section.3.2}% 84
\BOOKMARK [2][-]{subsection.3.2.3}{\376\377\000U\000s\000i\000n\000g\000\040\000a\000n\000\040\000A\000l\000t\000e\000r\000n\000a\000t\000i\000v\000e\000\040\000H\000a\000s\000h\000\040\000F\000u\000n\000c\000t\000i\000o\000n}{section.3.2}% 85
\BOOKMARK [2][-]{subsection.3.2.4}{\376\377\000A\000d\000d\000i\000n\000g\000\040\000N\000e\000w\000\040\000H\000a\000s\000h\000\040\000F\000u\000n\000c\000t\000i\000o\000n\000\040\000I\000m\000p\000l\000e\000m\000e\000n\000t\000a\000t\000i\000o\000n\000s}{section.3.2}% 86
\BOOKMARK [2][-]{subsection.3.2.5}{\376\377\000S\000o\000u\000r\000c\000e\000s\000\040\000f\000o\000r\000\040\000H\000a\000s\000h\000\040\000F\000u\000n\000c\000t\000i\000o\000n\000s}{section.3.2}% 87
\BOOKMARK [1][-]{section.3.3}{\376\377\000T\000r\000a\000c\000i\000n\000g}{chapter.3}% 88
\BOOKMARK [2][-]{subsection.3.3.1}{\376\377\000T\000r\000a\000c\000i\000n\000g\000\040\000M\000o\000t\000i\000v\000a\000t\000i\000o\000n}{section.3.3}% 89
\BOOKMARK [2][-]{subsection.3.3.2}{\376\377\000O\000v\000e\000r\000v\000i\000e\000w}{section.3.3}% 90
\BOOKMARK [3][-]{subsubsection*.36}{\376\377\000T\000h\000e\000\040\000S\000i\000m\000p\000l\000e\000s\000t\000\040\000E\000x\000a\000m\000p\000l\000e}{subsection.3.3.2}% 91
\BOOKMARK [3][-]{subsubsection*.37}{\376\377\000U\000s\000i\000n\000g\000\040\000t\000h\000e\000\040\000C\000o\000n\000f\000i\000g\000\040\000S\000u\000b\000s\000y\000s\000t\000e\000m\000\040\000t\000o\000\040\000C\000o\000n\000n\000e\000c\000t\000\040\000t\000o\000\040\000T\000r\000a\000c\000e\000\040\000S\000o\000u\000r\000c\000e\000s}{subsection.3.3.2}% 92
\BOOKMARK [2][-]{subsection.3.3.3}{\376\377\000U\000s\000i\000n\000g\000\040\000t\000h\000e\000\040\000T\000r\000a\000c\000i\000n\000g\000\040\000A\000P\000I}{section.3.3}% 93
\BOOKMARK [2][-]{subsection.3.3.4}{\376\377\000U\000s\000i\000n\000g\000\040\000T\000r\000a\000c\000e\000\040\000H\000e\000l\000p\000e\000r\000s}{section.3.3}% 94
\BOOKMARK [3][-]{subsubsection*.38}{\376\377\000P\000c\000a\000p\000\040\000T\000r\000a\000c\000i\000n\000g\000\040\000D\000e\000v\000i\000c\000e\000\040\000H\000e\000l\000p\000e\000r\000s}{subsection.3.3.4}% 95
\BOOKMARK [4][-]{paragraph*.39}{\376\377\000P\000c\000a\000p\000\040\000T\000r\000a\000c\000i\000n\000g\000\040\000D\000e\000v\000i\000c\000e\000\040\000H\000e\000l\000p\000e\000r\000\040\000M\000e\000t\000h\000o\000d\000s}{subsubsection*.38}% 96
\BOOKMARK [4][-]{paragraph*.40}{\376\377\000P\000c\000a\000p\000\040\000T\000r\000a\000c\000i\000n\000g\000\040\000D\000e\000v\000i\000c\000e\000\040\000H\000e\000l\000p\000e\000r\000\040\000F\000i\000l\000e\000n\000a\000m\000e\000\040\000S\000e\000l\000e\000c\000t\000i\000o\000n}{subsubsection*.38}% 97
\BOOKMARK [3][-]{subsubsection*.41}{\376\377\000A\000s\000c\000i\000i\000\040\000T\000r\000a\000c\000i\000n\000g\000\040\000D\000e\000v\000i\000c\000e\000\040\000H\000e\000l\000p\000e\000r\000s}{subsection.3.3.4}% 98
\BOOKMARK [4][-]{paragraph*.42}{\376\377\000A\000s\000c\000i\000i\000\040\000T\000r\000a\000c\000i\000n\000g\000\040\000D\000e\000v\000i\000c\000e\000\040\000H\000e\000l\000p\000e\000r\000\040\000M\000e\000t\000h\000o\000d\000s}{subsubsection*.41}% 99
\BOOKMARK [4][-]{paragraph*.43}{\376\377\000A\000s\000c\000i\000i\000\040\000T\000r\000a\000c\000i\000n\000g\000\040\000D\000e\000v\000i\000c\000e\000\040\000H\000e\000l\000p\000e\000r\000\040\000F\000i\000l\000e\000n\000a\000m\000e\000\040\000S\000e\000l\000e\000c\000t\000i\000o\000n}{subsubsection*.41}% 100
\BOOKMARK [3][-]{subsubsection*.44}{\376\377\000P\000c\000a\000p\000\040\000T\000r\000a\000c\000i\000n\000g\000\040\000P\000r\000o\000t\000o\000c\000o\000l\000\040\000H\000e\000l\000p\000e\000r\000s}{subsection.3.3.4}% 101
\BOOKMARK [4][-]{paragraph*.45}{\376\377\000P\000c\000a\000p\000\040\000T\000r\000a\000c\000i\000n\000g\000\040\000P\000r\000o\000t\000o\000c\000o\000l\000\040\000H\000e\000l\000p\000e\000r\000\040\000M\000e\000t\000h\000o\000d\000s}{subsubsection*.44}% 102
\BOOKMARK [4][-]{paragraph*.46}{\376\377\000P\000c\000a\000p\000\040\000T\000r\000a\000c\000i\000n\000g\000\040\000P\000r\000o\000t\000o\000c\000o\000l\000\040\000H\000e\000l\000p\000e\000r\000\040\000F\000i\000l\000e\000n\000a\000m\000e\000\040\000S\000e\000l\000e\000c\000t\000i\000o\000n}{subsubsection*.44}% 103
\BOOKMARK [3][-]{subsubsection*.47}{\376\377\000A\000s\000c\000i\000i\000\040\000T\000r\000a\000c\000i\000n\000g\000\040\000P\000r\000o\000t\000o\000c\000o\000l\000\040\000H\000e\000l\000p\000e\000r\000s}{subsection.3.3.4}% 104
\BOOKMARK [4][-]{paragraph*.48}{\376\377\000A\000s\000c\000i\000i\000\040\000T\000r\000a\000c\000i\000n\000g\000\040\000D\000e\000v\000i\000c\000e\000\040\000H\000e\000l\000p\000e\000r\000\040\000M\000e\000t\000h\000o\000d\000s}{subsubsection*.47}% 105
\BOOKMARK [4][-]{paragraph*.49}{\376\377\000A\000s\000c\000i\000i\000\040\000T\000r\000a\000c\000i\000n\000g\000\040\000D\000e\000v\000i\000c\000e\000\040\000H\000e\000l\000p\000e\000r\000\040\000F\000i\000l\000e\000n\000a\000m\000e\000\040\000S\000e\000l\000e\000c\000t\000i\000o\000n}{subsubsection*.47}% 106
\BOOKMARK [2][-]{subsection.3.3.5}{\376\377\000T\000r\000a\000c\000i\000n\000g\000\040\000i\000m\000p\000l\000e\000m\000e\000n\000t\000a\000t\000i\000o\000n\000\040\000d\000e\000t\000a\000i\000l\000s}{section.3.3}% 107
\BOOKMARK [1][-]{section.3.4}{\376\377\000D\000a\000t\000a\000\040\000C\000o\000l\000l\000e\000c\000t\000i\000o\000n}{chapter.3}% 108
\BOOKMARK [2][-]{subsection.3.4.1}{\376\377\000D\000e\000s\000i\000g\000n}{section.3.4}% 109
\BOOKMARK [2][-]{subsection.3.4.2}{\376\377\000D\000a\000t\000a\000\040\000C\000o\000l\000l\000e\000c\000t\000i\000o\000n\000\040\000H\000e\000l\000p\000e\000r\000s}{section.3.4}% 110
\BOOKMARK [3][-]{subsubsection*.50}{\376\377\000D\000a\000t\000a\000\040\000C\000o\000l\000l\000e\000c\000t\000i\000o\000n\000\040\000H\000e\000l\000p\000e\000r\000s\000\040\000O\000v\000e\000r\000v\000i\000e\000w}{subsection.3.4.2}% 111
\BOOKMARK [3][-]{subsubsection*.51}{\376\377\000G\000n\000u\000p\000l\000o\000t\000H\000e\000l\000p\000e\000r}{subsection.3.4.2}% 112
\BOOKMARK [4][-]{paragraph*.52}{\376\377\000G\000n\000u\000p\000l\000o\000t\000H\000e\000l\000p\000e\000r\000\040\000O\000v\000e\000r\000v\000i\000e\000w}{subsubsection*.51}% 113
\BOOKMARK [4][-]{paragraph*.53}{\376\377\000G\000n\000u\000p\000l\000o\000t\000H\000e\000l\000p\000e\000r\000\040\000C\000o\000n\000f\000i\000g\000u\000r\000e\000P\000l\000o\000t}{subsubsection*.51}% 114
\BOOKMARK [4][-]{paragraph*.54}{\376\377\000G\000n\000u\000p\000l\000o\000t\000H\000e\000l\000p\000e\000r\000\040\000P\000l\000o\000t\000P\000r\000o\000b\000e}{subsubsection*.51}% 115
\BOOKMARK [4][-]{paragraph*.55}{\376\377\000O\000t\000h\000e\000r\000\040\000E\000x\000a\000m\000p\000l\000e\000s}{subsubsection*.51}% 116
\BOOKMARK [5][-]{subparagraph*.56}{\376\377\000G\000n\000u\000p\000l\000o\000t\000\040\000H\000e\000l\000p\000e\000r\000\040\000E\000x\000a\000m\000p\000l\000e}{paragraph*.55}% 117
\BOOKMARK [3][-]{subsubsection*.57}{\376\377\000F\000i\000l\000e\000H\000e\000l\000p\000e\000r}{subsection.3.4.2}% 118
\BOOKMARK [4][-]{paragraph*.58}{\376\377\000F\000i\000l\000e\000H\000e\000l\000p\000e\000r\000\040\000O\000v\000e\000r\000v\000i\000e\000w}{subsubsection*.57}% 119
\BOOKMARK [4][-]{paragraph*.59}{\376\377\000F\000i\000l\000e\000H\000e\000l\000p\000e\000r\000\040\000C\000o\000n\000f\000i\000g\000u\000r\000e\000F\000i\000l\000e}{subsubsection*.57}% 120
\BOOKMARK [4][-]{paragraph*.60}{\376\377\000F\000i\000l\000e\000H\000e\000l\000p\000e\000r\000\040\000W\000r\000i\000t\000e\000P\000r\000o\000b\000e}{subsubsection*.57}% 121
\BOOKMARK [4][-]{paragraph*.61}{\376\377\000O\000t\000h\000e\000r\000\040\000E\000x\000a\000m\000p\000l\000e\000s}{subsubsection*.57}% 122
\BOOKMARK [5][-]{subparagraph*.62}{\376\377\000F\000i\000l\000e\000\040\000H\000e\000l\000p\000e\000r\000\040\000E\000x\000a\000m\000p\000l\000e}{paragraph*.61}% 123
\BOOKMARK [3][-]{subsubsection*.63}{\376\377\000S\000c\000o\000p\000e\000\040\000a\000n\000d\000\040\000L\000i\000m\000i\000t\000a\000t\000i\000o\000n\000s}{subsection.3.4.2}% 124
\BOOKMARK [2][-]{subsection.3.4.3}{\376\377\000P\000r\000o\000b\000e\000s}{section.3.4}% 125
\BOOKMARK [3][-]{subsubsection*.64}{\376\377\000P\000r\000o\000b\000e\000\040\000O\000v\000e\000r\000v\000i\000e\000w}{subsection.3.4.3}% 126
\BOOKMARK [4][-]{paragraph*.65}{\376\377\000C\000r\000e\000a\000t\000i\000o\000n}{subsubsection*.64}% 127
\BOOKMARK [4][-]{paragraph*.66}{\376\377\000I\000m\000p\000o\000r\000t\000i\000n\000g\000\040\000a\000n\000d\000\040\000e\000x\000p\000o\000r\000t\000i\000n\000g\000\040\000d\000a\000t\000a}{subsubsection*.64}% 128
\BOOKMARK [3][-]{subsubsection*.67}{\376\377\000D\000o\000u\000b\000l\000e\000P\000r\000o\000b\000e\000\040\000O\000v\000e\000r\000v\000i\000e\000w}{subsection.3.4.3}% 129
\BOOKMARK [3][-]{subsubsection*.68}{\376\377\000O\000t\000h\000e\000r\000\040\000p\000r\000o\000b\000e\000s}{subsection.3.4.3}% 130
\BOOKMARK [3][-]{subsubsection*.69}{\376\377\000C\000r\000e\000a\000t\000i\000n\000g\000\040\000n\000e\000w\000\040\000P\000r\000o\000b\000e\000\040\000t\000y\000p\000e\000s}{subsection.3.4.3}% 131
\BOOKMARK [3][-]{subsubsection*.70}{\376\377\000E\000x\000a\000m\000p\000l\000e\000s}{subsection.3.4.3}% 132
\BOOKMARK [4][-]{paragraph*.71}{\376\377\000D\000o\000u\000b\000l\000e\000\040\000P\000r\000o\000b\000e\000\040\000E\000x\000a\000m\000p\000l\000e}{subsubsection*.70}% 133
\BOOKMARK [4][-]{paragraph*.72}{\376\377\000I\000P\000v\0004\000\040\000P\000a\000c\000k\000e\000t\000\040\000P\000l\000o\000t\000\040\000E\000x\000a\000m\000p\000l\000e}{subsubsection*.70}% 134
\BOOKMARK [3][-]{subsubsection*.73}{\376\377\000R\000e\000f\000e\000r\000e\000n\000c\000e\000s}{subsection.3.4.3}% 135
\BOOKMARK [2][-]{subsection.3.4.4}{\376\377\000C\000o\000l\000l\000e\000c\000t\000o\000r\000s}{section.3.4}% 136
\BOOKMARK [2][-]{subsection.3.4.5}{\376\377\000A\000g\000g\000r\000e\000g\000a\000t\000o\000r\000s}{section.3.4}% 137
\BOOKMARK [3][-]{subsubsection*.74}{\376\377\000A\000g\000g\000r\000e\000g\000a\000t\000o\000r\000\040\000O\000v\000e\000r\000v\000i\000e\000w}{subsection.3.4.5}% 138
\BOOKMARK [3][-]{subsubsection*.75}{\376\377\000G\000n\000u\000p\000l\000o\000t\000A\000g\000g\000r\000e\000g\000a\000t\000o\000r}{subsection.3.4.5}% 139
\BOOKMARK [4][-]{paragraph*.76}{\376\377\000C\000r\000e\000a\000t\000i\000o\000n}{subsubsection*.75}% 140
\BOOKMARK [4][-]{paragraph*.77}{\376\377\000E\000x\000a\000m\000p\000l\000e\000s}{subsubsection*.75}% 141
\BOOKMARK [5][-]{subparagraph*.78}{\376\377\000G\000n\000u\000p\000l\000o\000t\000\040\000A\000g\000g\000r\000e\000g\000a\000t\000o\000r\000\040\000E\000x\000a\000m\000p\000l\000e}{paragraph*.77}% 142
\BOOKMARK [3][-]{subsubsection*.79}{\376\377\000F\000i\000l\000e\000A\000g\000g\000r\000e\000g\000a\000t\000o\000r}{subsection.3.4.5}% 143
\BOOKMARK [4][-]{paragraph*.80}{\376\377\000C\000r\000e\000a\000t\000i\000o\000n}{subsubsection*.79}% 144
\BOOKMARK [4][-]{paragraph*.81}{\376\377\000E\000x\000a\000m\000p\000l\000e\000s}{subsubsection*.79}% 145
\BOOKMARK [5][-]{subparagraph*.82}{\376\377\000F\000i\000l\000e\000\040\000A\000g\000g\000r\000e\000g\000a\000t\000o\000r\000\040\000E\000x\000a\000m\000p\000l\000e}{paragraph*.81}% 146
\BOOKMARK [2][-]{subsection.3.4.6}{\376\377\000A\000d\000a\000p\000t\000o\000r\000s}{section.3.4}% 147
\BOOKMARK [3][-]{subsubsection*.83}{\376\377\000A\000d\000a\000p\000t\000o\000r\000\040\000O\000v\000e\000r\000v\000i\000e\000w}{subsection.3.4.6}% 148
\BOOKMARK [3][-]{subsubsection*.84}{\376\377\000T\000i\000m\000e\000\040\000S\000e\000r\000i\000e\000s\000\040\000A\000d\000a\000p\000t\000o\000r}{subsection.3.4.6}% 149
\BOOKMARK [2][-]{subsection.3.4.7}{\376\377\000S\000c\000o\000p\000e\000/\000L\000i\000m\000i\000t\000a\000t\000i\000o\000n\000s}{section.3.4}% 150
\BOOKMARK [3][-]{subsubsection*.85}{\376\377\000F\000u\000t\000u\000r\000e\000\040\000W\000o\000r\000k}{subsection.3.4.7}% 151
\BOOKMARK [1][-]{section.3.5}{\376\377\000S\000t\000a\000t\000i\000s\000t\000i\000c\000a\000l\000\040\000F\000r\000a\000m\000e\000w\000o\000r\000k}{chapter.3}% 152
\BOOKMARK [2][-]{subsection.3.5.1}{\376\377\000G\000o\000a\000l\000s}{section.3.5}% 153
\BOOKMARK [2][-]{subsection.3.5.2}{\376\377\000O\000v\000e\000r\000v\000i\000e\000w}{section.3.5}% 154
\BOOKMARK [2][-]{subsection.3.5.3}{\376\377\000T\000o\000-\000D\000o}{section.3.5}% 155
\BOOKMARK [2][-]{subsection.3.5.4}{\376\377\000A\000p\000p\000r\000o\000a\000c\000h}{section.3.5}% 156
\BOOKMARK [2][-]{subsection.3.5.5}{\376\377\000E\000x\000a\000m\000p\000l\000e}{section.3.5}% 157
\BOOKMARK [3][-]{subsubsection*.86}{\376\377\000Q\000u\000e\000s\000t\000i\000o\000n}{subsection.3.5.5}% 158
\BOOKMARK [3][-]{subsubsection*.87}{\376\377\000S\000i\000m\000u\000l\000a\000t\000i\000o\000n\000\040\000P\000r\000o\000g\000r\000a\000m}{subsection.3.5.5}% 159
\BOOKMARK [4][-]{paragraph*.88}{\376\377\000L\000o\000g\000g\000i\000n\000g}{subsubsection*.87}% 160
\BOOKMARK [4][-]{paragraph*.89}{\376\377\000S\000a\000m\000p\000l\000e\000\040\000O\000u\000t\000p\000u\000t}{subsubsection*.87}% 161
\BOOKMARK [3][-]{subsubsection*.90}{\376\377\000C\000o\000n\000t\000r\000o\000l\000\040\000S\000c\000r\000i\000p\000t}{subsection.3.5.5}% 162
\BOOKMARK [3][-]{subsubsection*.91}{\376\377\000A\000n\000a\000l\000y\000s\000i\000s\000\040\000a\000n\000d\000\040\000C\000o\000n\000c\000l\000u\000s\000i\000o\000n}{subsection.3.5.5}% 163
\BOOKMARK [4][-]{paragraph*.92}{\376\377\000E\000n\000d\000\040\000R\000e\000s\000u\000l\000t}{subsubsection*.91}% 164
\BOOKMARK [1][-]{section.3.6}{\376\377\000H\000e\000l\000p\000e\000r\000s}{chapter.3}% 165
\BOOKMARK [1][-]{section.3.7}{\376\377\000M\000a\000k\000i\000n\000g\000\040\000P\000l\000o\000t\000s\000\040\000u\000s\000i\000n\000g\000\040\000t\000h\000e\000\040\000G\000n\000u\000p\000l\000o\000t\000\040\000C\000l\000a\000s\000s}{chapter.3}% 166
\BOOKMARK [2][-]{subsection.3.7.1}{\376\377\000C\000r\000e\000a\000t\000i\000n\000g\000\040\000P\000l\000o\000t\000s\000\040\000U\000s\000i\000n\000g\000\040\000t\000h\000e\000\040\000G\000n\000u\000p\000l\000o\000t\000\040\000C\000l\000a\000s\000s}{section.3.7}% 167
\BOOKMARK [2][-]{subsection.3.7.2}{\376\377\000A\000n\000\040\000E\000x\000a\000m\000p\000l\000e\000\040\000P\000r\000o\000g\000r\000a\000m\000\040\000t\000h\000a\000t\000\040\000U\000s\000e\000s\000\040\000t\000h\000e\000\040\000G\000n\000u\000p\000l\000o\000t\000\040\000C\000l\000a\000s\000s}{section.3.7}% 168
\BOOKMARK [2][-]{subsection.3.7.3}{\376\377\000A\000n\000\040\000E\000x\000a\000m\000p\000l\000e\000\040\0002\000-\000D\000i\000m\000e\000n\000s\000i\000o\000n\000a\000l\000\040\000P\000l\000o\000t}{section.3.7}% 169
\BOOKMARK [2][-]{subsection.3.7.4}{\376\377\000A\000n\000\040\000E\000x\000a\000m\000p\000l\000e\000\040\0002\000-\000D\000i\000m\000e\000n\000s\000i\000o\000n\000a\000l\000\040\000P\000l\000o\000t\000\040\000w\000i\000t\000h\000\040\000E\000r\000r\000o\000r\000\040\000B\000a\000r\000s}{section.3.7}% 170
\BOOKMARK [2][-]{subsection.3.7.5}{\376\377\000A\000n\000\040\000E\000x\000a\000m\000p\000l\000e\000\040\0003\000-\000D\000i\000m\000e\000n\000s\000i\000o\000n\000a\000l\000\040\000P\000l\000o\000t}{section.3.7}% 171
\BOOKMARK [1][-]{section.3.8}{\376\377\000U\000s\000i\000n\000g\000\040\000P\000y\000t\000h\000o\000n\000\040\000t\000o\000\040\000R\000u\000n\000\040\000n\000s\000-\0003}{chapter.3}% 172
\BOOKMARK [2][-]{subsection.3.8.1}{\376\377\000I\000n\000t\000r\000o\000d\000u\000c\000t\000i\000o\000n}{section.3.8}% 173
\BOOKMARK [2][-]{subsection.3.8.2}{\376\377\000A\000n\000\040\000E\000x\000a\000m\000p\000l\000e\000\040\000P\000y\000t\000h\000o\000n\000\040\000S\000c\000r\000i\000p\000t\000\040\000t\000h\000a\000t\000\040\000R\000u\000n\000s\000\040\000n\000s\000-\0003}{section.3.8}% 174
\BOOKMARK [2][-]{subsection.3.8.3}{\376\377\000R\000u\000n\000n\000i\000n\000g\000\040\000P\000y\000t\000h\000o\000n\000\040\000S\000c\000r\000i\000p\000t\000s}{section.3.8}% 175
\BOOKMARK [3][-]{subsubsection*.93}{\376\377\000U\000s\000i\000n\000g\000\040\000t\000h\000e\000\040\000b\000i\000n\000d\000i\000n\000g\000s\000\040\000f\000r\000o\000m\000\040\000t\000h\000e\000\040\000n\000s\000-\0003\000\040\000s\000o\000u\000r\000c\000e}{subsection.3.8.3}% 176
\BOOKMARK [3][-]{subsubsection*.94}{\376\377\000U\000s\000i\000n\000g\000\040\000t\000h\000e\000\040\000p\000i\000p\000\040\000w\000h\000e\000e\000l}{subsection.3.8.3}% 177
\BOOKMARK [2][-]{subsection.3.8.4}{\376\377\000C\000a\000v\000e\000a\000t\000s}{section.3.8}% 178
\BOOKMARK [3][-]{subsubsection*.95}{\376\377\000I\000n\000c\000o\000m\000p\000l\000e\000t\000e\000\040\000C\000o\000v\000e\000r\000a\000g\000e}{subsection.3.8.4}% 179
\BOOKMARK [4][-]{paragraph*.96}{\376\377\000M\000e\000m\000o\000r\000y\000-\000m\000a\000n\000a\000g\000e\000m\000e\000n\000t\000\040\000i\000s\000s\000u\000e\000s}{subsubsection*.95}% 180
\BOOKMARK [4][-]{paragraph*.97}{\376\377\000O\000p\000e\000r\000a\000t\000o\000r\000s}{subsubsection*.95}% 181
\BOOKMARK [3][-]{subsubsection*.98}{\376\377\000T\000r\000a\000c\000i\000n\000g}{subsection.3.8.4}% 182
\BOOKMARK [2][-]{subsection.3.8.5}{\376\377\000W\000o\000r\000k\000i\000n\000g\000\040\000w\000i\000t\000h\000\040\000P\000y\000t\000h\000o\000n\000\040\000B\000i\000n\000d\000i\000n\000g\000s}{section.3.8}% 183
\BOOKMARK [3][-]{subsubsection*.99}{\376\377\000O\000v\000e\000r\000v\000i\000e\000w}{subsection.3.8.5}% 184
\BOOKMARK [2][-]{subsection.3.8.6}{\376\377\000P\000i\000p\000\040\000w\000h\000e\000e\000l\000\040\000p\000a\000c\000k\000a\000g\000i\000n\000g}{section.3.8}% 185
\BOOKMARK [2][-]{subsection.3.8.7}{\376\377\000L\000o\000c\000a\000l\000\040\000d\000e\000p\000l\000o\000y\000m\000e\000n\000t}{section.3.8}% 186
\BOOKMARK [2][-]{subsection.3.8.8}{\376\377\000P\000u\000b\000l\000i\000s\000h\000i\000n\000g\000\040\000t\000h\000e\000\040\000p\000i\000p\000\040\000w\000h\000e\000e\000l\000\040\000v\000i\000a\000\040\000P\000y\000p\000i}{section.3.8}% 187
\BOOKMARK [2][-]{subsection.3.8.9}{\376\377\000H\000i\000s\000t\000o\000r\000i\000c\000a\000l\000\040\000I\000n\000f\000o\000r\000m\000a\000t\000i\000o\000n}{section.3.8}% 188
\BOOKMARK [0][-]{chapter.4}{\376\377\000D\000e\000v\000e\000l\000o\000p\000e\000r\000\040\000T\000o\000o\000l\000s}{}% 189
\BOOKMARK [1][-]{section.4.1}{\376\377\000W\000o\000r\000k\000i\000n\000g\000\040\000w\000i\000t\000h\000\040\000G\000i\000t\000\040\000a\000s\000\040\000a\000\040\000u\000s\000e\000r}{chapter.4}% 190
\BOOKMARK [2][-]{subsection.4.1.1}{\376\377\000n\000s\000-\0003\040\031\000s\000\040\000G\000i\000t\000\040\000w\000o\000r\000k\000f\000l\000o\000w\000\040\000i\000n\000\040\000a\000\040\000n\000u\000t\000s\000h\000e\000l\000l}{section.4.1}% 191
\BOOKMARK [2][-]{subsection.4.1.2}{\376\377\000S\000e\000t\000u\000p\000\040\000o\000f\000\040\000a\000\040\000p\000e\000r\000s\000o\000n\000a\000l\000\040\000r\000e\000p\000o\000s\000i\000t\000o\000r\000y}{section.4.1}% 192
\BOOKMARK [3][-]{subsubsection*.100}{\376\377\000D\000i\000r\000e\000c\000t\000l\000y\000\040\000c\000l\000o\000n\000i\000n\000g\000\040\000n\000s\000-\0003\000-\000d\000e\000v}{subsection.4.1.2}% 193
\BOOKMARK [3][-]{subsubsection*.101}{\376\377\000F\000o\000r\000k\000i\000n\000g\000\040\000n\000s\000-\0003\000-\000d\000e\000v\000\040\000o\000n\000\040\000G\000i\000t\000L\000a\000b\000.\000c\000o\000m}{subsection.4.1.2}% 194
\BOOKMARK [4][-]{paragraph*.102}{\376\377\000C\000l\000o\000n\000e\000\040\000y\000o\000u\000r\000\040\000f\000o\000r\000k\000e\000d\000\040\000r\000e\000p\000o\000s\000i\000t\000o\000r\000y\000\040\000o\000n\000\040\000y\000o\000u\000r\000\040\000m\000a\000c\000h\000i\000n\000e}{subsubsection*.101}% 195
\BOOKMARK [4][-]{paragraph*.103}{\376\377\000N\000a\000m\000i\000n\000g\000\040\000c\000o\000n\000v\000e\000n\000t\000i\000o\000n\000s}{subsubsection*.101}% 196
\BOOKMARK [2][-]{subsection.4.1.3}{\376\377\000A\000d\000d\000\040\000t\000h\000e\000\040\000o\000f\000f\000i\000c\000i\000a\000l\000\040\000n\000s\000-\0003\000\040\000r\000e\000p\000o\000s\000i\000t\000o\000r\000y\000\040\000a\000s\000\040\000r\000e\000m\000o\000t\000e\000\040\000u\000p\000s\000t\000r\000e\000a\000m}{section.4.1}% 197
\BOOKMARK [2][-]{subsection.4.1.4}{\376\377\000A\000d\000d\000\040\000y\000o\000u\000r\000\040\000f\000o\000r\000k\000e\000d\000\040\000r\000e\000p\000o\000s\000i\000t\000o\000r\000y\000\040\000a\000s\000\040\000r\000e\000m\000o\000t\000e}{section.4.1}% 198
\BOOKMARK [2][-]{subsection.4.1.5}{\376\377\000K\000e\000e\000p\000\040\000i\000n\000\040\000s\000y\000n\000c\000\040\000y\000o\000u\000r\000\040\000r\000e\000p\000o\000s\000i\000t\000o\000r\000y\000\040\000w\000i\000t\000h\000\040\000l\000a\000t\000e\000s\000t\000\040\000n\000s\000-\0003\000-\000d\000e\000v\000\040\000u\000p\000d\000a\000t\000e\000s}{section.4.1}% 199
\BOOKMARK [2][-]{subsection.4.1.6}{\376\377\000S\000t\000a\000r\000t\000\040\000a\000\040\000n\000e\000w\000\040\000b\000r\000a\000n\000c\000h\000\040\000t\000o\000\040\000d\000o\000\040\000s\000o\000m\000e\000\040\000w\000o\000r\000k}{section.4.1}% 200
\BOOKMARK [2][-]{subsection.4.1.7}{\376\377\000E\000d\000i\000t\000\040\000a\000n\000d\000\040\000c\000o\000m\000m\000i\000t\000\040\000t\000h\000e\000\040\000m\000o\000d\000i\000f\000i\000c\000a\000t\000i\000o\000n\000s}{section.4.1}% 201
\BOOKMARK [3][-]{subsubsection*.104}{\376\377\000C\000o\000m\000m\000i\000t\000\040\000m\000e\000s\000s\000a\000g\000e\000\040\000g\000u\000i\000d\000e\000l\000i\000n\000e\000s}{subsection.4.1.7}% 202
\BOOKMARK [3][-]{subsubsection*.105}{\376\377\000C\000o\000m\000m\000i\000t\000\040\000l\000o\000g}{subsection.4.1.7}% 203
\BOOKMARK [2][-]{subsection.4.1.8}{\376\377\000R\000e\000b\000a\000s\000e\000\040\000y\000o\000u\000r\000\040\000b\000r\000a\000n\000c\000h\000\040\000o\000n\000\040\000t\000o\000p\000\040\000o\000f\000\040\000m\000a\000s\000t\000e\000r}{section.4.1}% 204
\BOOKMARK [2][-]{subsection.4.1.9}{\376\377\000P\000u\000s\000h\000i\000n\000g\000\040\000y\000o\000u\000r\000\040\000c\000h\000a\000n\000g\000e\000s\000\040\000t\000o\000\040\000o\000r\000i\000g\000i\000n}{section.4.1}% 205
\BOOKMARK [2][-]{subsection.4.1.10}{\376\377\000S\000u\000b\000m\000i\000t\000\040\000w\000o\000r\000k\000\040\000f\000o\000r\000\040\000r\000e\000v\000i\000e\000w}{section.4.1}% 206
\BOOKMARK [3][-]{subsubsection*.106}{\376\377\000G\000i\000t\000L\000a\000b\000\040\000C\000I\000\040\000\050\000C\000o\000n\000t\000i\000n\000u\000o\000u\000s\000\040\000I\000n\000t\000e\000g\000r\000a\000t\000i\000o\000n\000\051}{subsection.4.1.10}% 207
\BOOKMARK [3][-]{subsubsection*.107}{\376\377\000G\000i\000t\000L\000a\000b\000\040\000C\000I\000\040\000o\000p\000t\000i\000m\000i\000z\000a\000t\000i\000o\000n}{subsection.4.1.10}% 208
\BOOKMARK [2][-]{subsection.4.1.11}{\376\377\000P\000o\000r\000t\000i\000n\000g\000\040\000p\000a\000t\000c\000h\000e\000s\000\040\000f\000r\000o\000m\000\040\000m\000e\000r\000c\000u\000r\000i\000a\000l\000\040\000r\000e\000p\000o\000s\000i\000t\000o\000r\000i\000e\000s\000\040\000t\000o\000\040\000G\000i\000t}{section.4.1}% 209
\BOOKMARK [1][-]{section.4.2}{\376\377\000W\000o\000r\000k\000i\000n\000g\000\040\000w\000i\000t\000h\000\040\000G\000i\000t\000\040\000a\000s\000\040\000a\000\040\000m\000a\000i\000n\000t\000a\000i\000n\000e\000r}{chapter.4}% 210
\BOOKMARK [2][-]{subsection.4.2.1}{\376\377\000P\000u\000s\000h\000i\000n\000g\000\040\000y\000o\000u\000r\000\040\000o\000w\000n\000\040\000w\000o\000r\000k}{section.4.2}% 211
\BOOKMARK [2][-]{subsection.4.2.2}{\376\377\000R\000e\000v\000i\000e\000w\000\040\000a\000n\000d\000\040\000m\000e\000r\000g\000e\000\040\000s\000o\000m\000e\000o\000n\000e\000\040\000e\000l\000s\000e\040\031\000s\000\040\000w\000o\000r\000k}{section.4.2}% 212
\BOOKMARK [2][-]{subsection.4.2.3}{\376\377\000M\000a\000k\000i\000n\000g\000\040\000a\000\040\000r\000e\000l\000e\000a\000s\000e}{section.4.2}% 213
\BOOKMARK [1][-]{section.4.3}{\376\377\000W\000o\000r\000k\000i\000n\000g\000\040\000w\000i\000t\000h\000\040\000C\000M\000a\000k\000e}{chapter.4}% 214
\BOOKMARK [2][-]{subsection.4.3.1}{\376\377\000C\000o\000n\000f\000i\000g\000u\000r\000i\000n\000g\000\040\000t\000h\000e\000\040\000p\000r\000o\000j\000e\000c\000t}{section.4.3}% 215
\BOOKMARK [3][-]{subsubsection*.108}{\376\377\000C\000o\000n\000f\000i\000g\000u\000r\000i\000n\000g\000\040\000t\000h\000e\000\040\000p\000r\000o\000j\000e\000c\000t\000\040\000w\000i\000t\000h\000\040\000n\000s\0003}{subsection.4.3.1}% 216
\BOOKMARK [3][-]{subsubsection*.109}{\376\377\000C\000o\000n\000f\000i\000g\000u\000r\000i\000n\000g\000\040\000t\000h\000e\000\040\000p\000r\000o\000j\000e\000c\000t\000\040\000w\000i\000t\000h\000\040\000C\000M\000a\000k\000e}{subsection.4.3.1}% 217
\BOOKMARK [2][-]{subsection.4.3.2}{\376\377\000M\000a\000n\000u\000a\000l\000l\000y\000\040\000r\000e\000f\000r\000e\000s\000h\000\040\000t\000h\000e\000\040\000C\000M\000a\000k\000e\000\040\000c\000a\000c\000h\000e}{section.4.3}% 218
\BOOKMARK [2][-]{subsection.4.3.3}{\376\377\000B\000u\000i\000l\000d\000i\000n\000g\000\040\000t\000h\000e\000\040\000p\000r\000o\000j\000e\000c\000t}{section.4.3}% 219
\BOOKMARK [3][-]{subsubsection*.110}{\376\377\000B\000u\000i\000l\000d\000i\000n\000g\000\040\000t\000h\000e\000\040\000p\000r\000o\000j\000e\000c\000t\000\040\000w\000i\000t\000h\000\040\000n\000s\0003}{subsection.4.3.3}% 220
\BOOKMARK [3][-]{subsubsection*.111}{\376\377\000B\000u\000i\000l\000d\000i\000n\000g\000\040\000t\000h\000e\000\040\000p\000r\000o\000j\000e\000c\000t\000\040\000w\000i\000t\000h\000\040\000C\000M\000a\000k\000e}{subsection.4.3.3}% 221
\BOOKMARK [2][-]{subsection.4.3.4}{\376\377\000A\000d\000d\000i\000n\000g\000\040\000a\000\040\000n\000e\000w\000\040\000m\000o\000d\000u\000l\000e}{section.4.3}% 222
\BOOKMARK [2][-]{subsection.4.3.5}{\376\377\000M\000i\000g\000r\000a\000t\000i\000n\000g\000\040\000a\000\040\000W\000a\000f\000\040\000m\000o\000d\000u\000l\000e\000\040\000t\000o\000\040\000C\000M\000a\000k\000e}{section.4.3}% 223
\BOOKMARK [3][-]{subsubsection*.112}{\376\377\000M\000i\000g\000r\000a\000t\000i\000n\000g\000\040\000d\000e\000f\000i\000n\000i\000t\000i\000o\000n\000s\000,\000\040\000c\000o\000m\000p\000i\000l\000a\000t\000i\000o\000n\000\040\000a\000n\000d\000\040\000l\000i\000n\000k\000i\000n\000g\000\040\000o\000p\000t\000i\000o\000n\000s}{subsection.4.3.5}% 224
\BOOKMARK [2][-]{subsection.4.3.6}{\376\377\000R\000u\000n\000n\000i\000n\000g\000\040\000p\000r\000o\000g\000r\000a\000m\000s}{section.4.3}% 225
\BOOKMARK [2][-]{subsection.4.3.7}{\376\377\000M\000o\000d\000i\000f\000y\000i\000n\000g\000\040\000f\000i\000l\000e\000s}{section.4.3}% 226
\BOOKMARK [3][-]{subsubsection*.113}{\376\377\000M\000o\000d\000u\000l\000e\000\040\000n\000a\000m\000e\000\040\000c\000h\000a\000n\000g\000e\000s}{subsection.4.3.7}% 227
\BOOKMARK [3][-]{subsubsection*.114}{\376\377\000H\000e\000a\000d\000e\000r\000/\000s\000o\000u\000r\000c\000e\000\040\000f\000i\000l\000e\000\040\000n\000a\000m\000e\000\040\000c\000h\000a\000n\000g\000e\000s}{subsection.4.3.7}% 228
\BOOKMARK [3][-]{subsubsection*.115}{\376\377\000L\000i\000n\000k\000i\000n\000g\000\040\000n\000s\000-\0003\000\040\000m\000o\000d\000u\000l\000e\000s}{subsection.4.3.7}% 229
\BOOKMARK [3][-]{subsubsection*.116}{\376\377\000L\000i\000n\000k\000i\000n\000g\000\040\000t\000h\000i\000r\000d\000-\000p\000a\000r\000t\000y\000\040\000l\000i\000b\000r\000a\000r\000i\000e\000s}{subsection.4.3.7}% 230
\BOOKMARK [4][-]{paragraph*.117}{\376\377\000L\000i\000n\000k\000i\000n\000g\000\040\000t\000h\000i\000r\000d\000-\000p\000a\000r\000t\000y\000\040\000l\000i\000b\000r\000a\000r\000i\000e\000s\000\040\000w\000i\000t\000h\000o\000u\000t\000\040\000C\000M\000a\000k\000e\000\040\000o\000r\000\040\000P\000k\000g\000C\000o\000n\000f\000i\000g\000\040\000s\000u\000p\000p\000o\000r\000t}{subsubsection*.116}% 231
\BOOKMARK [4][-]{paragraph*.118}{\376\377\000L\000i\000n\000k\000i\000n\000g\000\040\000t\000h\000i\000r\000d\000-\000p\000a\000r\000t\000y\000\040\000l\000i\000b\000r\000a\000r\000i\000e\000s\000\040\000u\000s\000i\000n\000g\000\040\000C\000M\000a\000k\000e\040\031\000s\000\040\000f\000i\000n\000d\000\137\000p\000a\000c\000k\000a\000g\000e}{subsubsection*.116}% 232
\BOOKMARK [4][-]{paragraph*.119}{\376\377\000L\000i\000n\000k\000i\000n\000g\000\040\000t\000h\000i\000r\000d\000-\000p\000a\000r\000t\000y\000\040\000l\000i\000b\000r\000a\000r\000i\000e\000s\000\040\000w\000i\000t\000h\000\040\000P\000k\000g\000C\000o\000n\000f\000i\000g\000\040\000s\000u\000p\000p\000o\000r\000t}{subsubsection*.116}% 233
\BOOKMARK [3][-]{subsubsection*.120}{\376\377\000U\000s\000i\000n\000g\000\040\000C\000+\000+\000\040\000l\000i\000b\000r\000a\000r\000y\000\040\000m\000a\000n\000a\000g\000e\000r\000s}{subsection.4.3.7}% 234
\BOOKMARK [4][-]{paragraph*.121}{\376\377\000v\000c\000p\000k\000g}{subsubsection*.120}% 235
\BOOKMARK [4][-]{paragraph*.122}{\376\377\000C\000P\000M}{subsubsection*.120}% 236
\BOOKMARK [3][-]{subsubsection*.123}{\376\377\000I\000n\000c\000l\000u\000s\000i\000o\000n\000\040\000o\000f\000\040\000o\000p\000t\000i\000o\000n\000s}{subsection.4.3.7}% 237
\BOOKMARK [3][-]{subsubsection*.124}{\376\377\000C\000h\000a\000n\000g\000e\000s\000\040\000i\000n\000\040\000C\000M\000a\000k\000e\000\040\000m\000a\000c\000r\000o\000s\000\040\000a\000n\000d\000\040\000f\000u\000n\000c\000t\000i\000o\000n\000s}{subsection.4.3.7}% 238
\BOOKMARK [4][-]{paragraph*.125}{\376\377\000E\000x\000e\000c\000u\000t\000a\000b\000l\000e\000\040\000m\000a\000c\000r\000o\000s}{subsubsection*.124}% 239
\BOOKMARK [5][-]{subparagraph*.126}{\376\377\000E\000x\000e\000c\000u\000t\000a\000b\000l\000e\000\040\000m\000a\000c\000r\000o\000s\000:\000\040\000b\000u\000i\000l\000d\000\137\000e\000x\000e\000c}{paragraph*.125}% 240
\BOOKMARK [5][-]{subparagraph*.127}{\376\377\000E\000x\000e\000c\000u\000t\000a\000b\000l\000e\000\040\000m\000a\000c\000r\000o\000s\000:\000\040\000b\000u\000i\000l\000d\000\137\000e\000x\000a\000m\000p\000l\000e}{paragraph*.125}% 241
\BOOKMARK [4][-]{paragraph*.128}{\376\377\000M\000o\000d\000u\000l\000e\000\040\000m\000a\000c\000r\000o\000s}{subsubsection*.124}% 242
\BOOKMARK [5][-]{subparagraph*.129}{\376\377\000M\000o\000d\000u\000l\000e\000\040\000m\000a\000c\000r\000o\000s\000:\000\040\000b\000u\000i\000l\000d\000\137\000l\000i\000b}{paragraph*.128}% 243
\BOOKMARK [5][-]{subparagraph*.130}{\376\377\000M\000o\000d\000u\000l\000e\000\040\000m\000a\000c\000r\000o\000s\000:\000\040\000b\000u\000i\000l\000d\000\137\000l\000i\000b\000\137\000e\000x\000a\000m\000p\000l\000e}{paragraph*.128}% 244
\BOOKMARK [4][-]{paragraph*.131}{\376\377\000U\000s\000e\000r\000\040\000o\000p\000t\000i\000o\000n\000s\000\040\000a\000n\000d\000\040\000h\000e\000a\000d\000e\000r\000\040\000c\000h\000e\000c\000k\000i\000n\000g}{subsubsection*.124}% 245
\BOOKMARK [4][-]{paragraph*.132}{\376\377\000C\000u\000s\000t\000o\000m\000\040\000t\000a\000r\000g\000e\000t\000s}{subsubsection*.124}% 246
\BOOKMARK [4][-]{paragraph*.133}{\376\377\000P\000r\000o\000j\000e\000c\000t\000-\000w\000i\000d\000e\000\040\000c\000o\000m\000p\000i\000l\000e\000r\000\040\000a\000n\000d\000\040\000l\000i\000n\000k\000e\000r\000\040\000f\000l\000a\000g\000s}{subsubsection*.124}% 247
\BOOKMARK [2][-]{subsection.4.3.8}{\376\377\000C\000C\000a\000c\000h\000e\000\040\000a\000n\000d\000\040\000P\000r\000e\000c\000o\000m\000p\000i\000l\000e\000d\000\040\000H\000e\000a\000d\000e\000r\000s}{section.4.3}% 248
\BOOKMARK [3][-]{subsubsection*.134}{\376\377\000S\000e\000t\000t\000i\000n\000g\000\040\000u\000p\000\040\000a\000n\000d\000\040\000a\000d\000d\000i\000n\000g\000\040\000n\000e\000w\000\040\000h\000e\000a\000d\000e\000r\000s\000\040\000t\000o\000\040\000t\000h\000e\000\040\000P\000C\000H}{subsection.4.3.8}% 249
\BOOKMARK [3][-]{subsubsection*.135}{\376\377\000P\000o\000s\000s\000i\000b\000l\000e\000\040\000s\000i\000d\000e\000-\000e\000f\000f\000e\000c\000t\000s\000,\000\040\000f\000i\000x\000e\000s\000\040\000a\000n\000d\000\040\000I\000G\000N\000O\000R\000E\000\137\000P\000C\000H}{subsection.4.3.8}% 250
\BOOKMARK [1][-]{section.4.4}{\376\377\000L\000o\000g\000g\000i\000n\000g}{chapter.4}% 251
\BOOKMARK [2][-]{subsection.4.4.1}{\376\377\000O\000v\000e\000r\000v\000i\000e\000w}{section.4.4}% 252
\BOOKMARK [2][-]{subsection.4.4.2}{\376\377\000E\000n\000a\000b\000l\000i\000n\000g\000\040\000O\000u\000t\000p\000u\000t}{section.4.4}% 253
\BOOKMARK [2][-]{subsection.4.4.3}{\376\377\000N\000S\000\137\000L\000O\000G\000\040\000S\000y\000n\000t\000a\000x}{section.4.4}% 254
\BOOKMARK [3][-]{subsubsection*.136}{\376\377\000L\000o\000g\000\040\000C\000o\000m\000p\000o\000n\000e\000n\000t\000s}{subsection.4.4.3}% 255
\BOOKMARK [3][-]{subsubsection*.137}{\376\377\000S\000e\000v\000e\000r\000i\000t\000y\000\040\000a\000n\000d\000\040\000L\000e\000v\000e\000l\000\040\000O\000p\000t\000i\000o\000n\000s}{subsection.4.4.3}% 256
\BOOKMARK [3][-]{subsubsection*.138}{\376\377\000P\000r\000e\000f\000i\000x\000\040\000O\000p\000t\000i\000o\000n\000s}{subsection.4.4.3}% 257
\BOOKMARK [4][-]{paragraph*.139}{\376\377\000S\000e\000v\000e\000r\000i\000t\000y\000\040\000P\000r\000e\000f\000i\000x}{subsubsection*.138}% 258
\BOOKMARK [4][-]{paragraph*.140}{\376\377\000T\000i\000m\000e\000\040\000P\000r\000e\000f\000i\000x}{subsubsection*.138}% 259
\BOOKMARK [4][-]{paragraph*.141}{\376\377\000N\000o\000d\000e\000\040\000P\000r\000e\000f\000i\000x}{subsubsection*.138}% 260
\BOOKMARK [4][-]{paragraph*.142}{\376\377\000F\000u\000n\000c\000t\000i\000o\000n\000\040\000P\000r\000e\000f\000i\000x}{subsubsection*.138}% 261
\BOOKMARK [3][-]{subsubsection*.143}{\376\377\000N\000S\000\137\000L\000O\000G\000\040\000W\000i\000l\000d\000c\000a\000r\000d\000s}{subsection.4.4.3}% 262
\BOOKMARK [2][-]{subsection.4.4.4}{\376\377\000H\000o\000w\000\040\000t\000o\000\040\000a\000d\000d\000\040\000l\000o\000g\000g\000i\000n\000g\000\040\000t\000o\000\040\000y\000o\000u\000r\000\040\000c\000o\000d\000e}{section.4.4}% 263
\BOOKMARK [3][-]{subsubsection*.144}{\376\377\000L\000o\000g\000g\000i\000n\000g\000\040\000M\000a\000c\000r\000o\000s}{subsection.4.4.4}% 264
\BOOKMARK [3][-]{subsubsection*.145}{\376\377\000U\000n\000c\000o\000n\000d\000i\000t\000i\000o\000n\000a\000l\000\040\000L\000o\000g\000g\000i\000n\000g}{subsection.4.4.4}% 265
\BOOKMARK [3][-]{subsubsection*.146}{\376\377\000G\000u\000i\000d\000e\000l\000i\000n\000e\000s}{subsection.4.4.4}% 266
\BOOKMARK [2][-]{subsection.4.4.5}{\376\377\000C\000o\000n\000t\000r\000o\000l\000l\000i\000n\000g\000\040\000t\000i\000m\000e\000s\000t\000a\000m\000p\000\040\000p\000r\000e\000c\000i\000s\000i\000o\000n}{section.4.4}% 267
\BOOKMARK [2][-]{subsection.4.4.6}{\376\377\000A\000s\000s\000e\000r\000t\000s}{section.4.4}% 268
\BOOKMARK [3][-]{subsubsection*.147}{\376\377\000H\000o\000w\000\040\000t\000o\000\040\000a\000d\000d\000\040\000a\000s\000s\000e\000r\000t\000s\000\040\000t\000o\000\040\000y\000o\000u\000r\000\040\000c\000o\000d\000e}{subsection.4.4.6}% 269
\BOOKMARK [1][-]{section.4.5}{\376\377\000T\000e\000s\000t\000s}{chapter.4}% 270
\BOOKMARK [2][-]{subsection.4.5.1}{\376\377\000O\000v\000e\000r\000v\000i\000e\000w}{section.4.5}% 271
\BOOKMARK [2][-]{subsection.4.5.2}{\376\377\000B\000a\000c\000k\000g\000r\000o\000u\000n\000d}{section.4.5}% 272
\BOOKMARK [3][-]{subsubsection*.148}{\376\377\000C\000o\000r\000r\000e\000c\000t\000n\000e\000s\000s}{subsection.4.5.2}% 273
\BOOKMARK [3][-]{subsubsection*.149}{\376\377\000V\000a\000l\000i\000d\000a\000t\000i\000o\000n\000\040\000a\000n\000d\000\040\000V\000e\000r\000i\000f\000i\000c\000a\000t\000i\000o\000n}{subsection.4.5.2}% 274
\BOOKMARK [3][-]{subsubsection*.150}{\376\377\000R\000o\000b\000u\000s\000t\000n\000e\000s\000s}{subsection.4.5.2}% 275
\BOOKMARK [3][-]{subsubsection*.151}{\376\377\000P\000e\000r\000f\000o\000r\000m\000a\000n\000t}{subsection.4.5.2}% 276
\BOOKMARK [3][-]{subsubsection*.152}{\376\377\000M\000a\000i\000n\000t\000a\000i\000n\000a\000b\000i\000l\000i\000t\000y}{subsection.4.5.2}% 277
\BOOKMARK [2][-]{subsection.4.5.3}{\376\377\000T\000e\000s\000t\000i\000n\000g\000\040\000f\000r\000a\000m\000e\000w\000o\000r\000k}{section.4.5}% 278
\BOOKMARK [3][-]{subsubsection*.153}{\376\377\000B\000u\000i\000l\000d\000s\000l\000a\000v\000e\000s}{subsection.4.5.3}% 279
\BOOKMARK [3][-]{subsubsection*.154}{\376\377\000T\000e\000s\000t\000.\000p\000y}{subsection.4.5.3}% 280
\BOOKMARK [3][-]{subsubsection*.155}{\376\377\000T\000e\000s\000t\000T\000a\000x\000o\000n\000o\000m\000y}{subsection.4.5.3}% 281
\BOOKMARK [4][-]{paragraph*.156}{\376\377\000U\000n\000i\000t\000\040\000T\000e\000s\000t\000s}{subsubsection*.155}% 282
\BOOKMARK [4][-]{paragraph*.157}{\376\377\000S\000y\000s\000t\000e\000m\000\040\000T\000e\000s\000t\000s}{subsubsection*.155}% 283
\BOOKMARK [4][-]{paragraph*.158}{\376\377\000E\000x\000a\000m\000p\000l\000e\000s}{subsubsection*.155}% 284
\BOOKMARK [4][-]{paragraph*.159}{\376\377\000P\000e\000r\000f\000o\000r\000m\000a\000n\000c\000e\000\040\000T\000e\000s\000t\000s}{subsubsection*.155}% 285
\BOOKMARK [3][-]{subsubsection*.160}{\376\377\000R\000u\000n\000n\000i\000n\000g\000\040\000T\000e\000s\000t\000s}{subsection.4.5.3}% 286
\BOOKMARK [3][-]{subsubsection*.161}{\376\377\000D\000e\000b\000u\000g\000g\000i\000n\000g\000\040\000T\000e\000s\000t\000s}{subsection.4.5.3}% 287
\BOOKMARK [4][-]{paragraph*.162}{\376\377\000T\000e\000s\000t\000\040\000o\000u\000t\000p\000u\000t}{subsubsection*.161}% 288
\BOOKMARK [4][-]{paragraph*.163}{\376\377\000R\000e\000p\000o\000r\000t\000i\000n\000g\000\040\000o\000f\000\040\000t\000e\000s\000t\000\040\000f\000a\000i\000l\000u\000r\000e\000s}{subsubsection*.161}% 289
\BOOKMARK [4][-]{paragraph*.164}{\376\377\000D\000e\000b\000u\000g\000g\000i\000n\000g\000\040\000t\000e\000s\000t\000\040\000s\000u\000i\000t\000e\000\040\000f\000a\000i\000l\000u\000r\000e\000s}{subsubsection*.161}% 290
\BOOKMARK [3][-]{subsubsection*.165}{\376\377\000C\000l\000a\000s\000s\000\040\000T\000e\000s\000t\000R\000u\000n\000n\000e\000r}{subsection.4.5.3}% 291
\BOOKMARK [3][-]{subsubsection*.166}{\376\377\000T\000e\000s\000t\000\040\000S\000u\000i\000t\000e}{subsection.4.5.3}% 292
\BOOKMARK [3][-]{subsubsection*.167}{\376\377\000T\000e\000s\000t\000\040\000C\000a\000s\000e}{subsection.4.5.3}% 293
\BOOKMARK [3][-]{subsubsection*.168}{\376\377\000U\000t\000i\000l\000i\000t\000i\000e\000s}{subsection.4.5.3}% 294
\BOOKMARK [2][-]{subsection.4.5.4}{\376\377\000H\000o\000w\000\040\000t\000o\000\040\000w\000r\000i\000t\000e\000\040\000t\000e\000s\000t\000s}{section.4.5}% 295
\BOOKMARK [3][-]{subsubsection*.169}{\376\377\000S\000a\000m\000p\000l\000e\000\040\000T\000e\000s\000t\000S\000u\000i\000t\000e\000\040\000s\000k\000e\000l\000e\000t\000o\000n}{subsection.4.5.4}% 296
\BOOKMARK [3][-]{subsubsection*.170}{\376\377\000T\000e\000s\000t\000\040\000m\000a\000c\000r\000o\000s}{subsection.4.5.4}% 297
\BOOKMARK [3][-]{subsubsection*.171}{\376\377\000H\000o\000w\000\040\000t\000o\000\040\000a\000d\000d\000\040\000a\000n\000\040\000e\000x\000a\000m\000p\000l\000e\000\040\000p\000r\000o\000g\000r\000a\000m\000\040\000t\000o\000\040\000t\000h\000e\000\040\000t\000e\000s\000t\000\040\000s\000u\000i\000t\000e}{subsection.4.5.4}% 298
\BOOKMARK [3][-]{subsubsection*.172}{\376\377\000T\000e\000s\000t\000i\000n\000g\000\040\000\050\000d\000e\000\051\000s\000e\000r\000i\000a\000l\000i\000z\000a\000t\000i\000o\000n\000\040\000o\000f\000\040\000H\000e\000a\000d\000e\000r\000s}{subsection.4.5.4}% 299
\BOOKMARK [3][-]{subsubsection*.173}{\376\377\000T\000e\000s\000t\000i\000n\000g\000\040\000f\000o\000r\000\040\000b\000o\000o\000l\000e\000a\000n\000\040\000o\000u\000t\000c\000o\000m\000e\000s}{subsection.4.5.4}% 300
\BOOKMARK [3][-]{subsubsection*.174}{\376\377\000T\000e\000s\000t\000i\000n\000g\000\040\000o\000u\000t\000c\000o\000m\000e\000s\000\040\000w\000h\000e\000n\000\040\000r\000a\000n\000d\000o\000m\000n\000e\000s\000s\000\040\000i\000s\000\040\000i\000n\000v\000o\000l\000v\000e\000d}{subsection.4.5.4}% 301
\BOOKMARK [3][-]{subsubsection*.175}{\376\377\000T\000e\000s\000t\000i\000n\000g\000\040\000o\000u\000t\000p\000u\000t\000\040\000d\000a\000t\000a\000\040\000a\000g\000a\000i\000n\000s\000t\000\040\000a\000\040\000k\000n\000o\000w\000n\000\040\000d\000i\000s\000t\000r\000i\000b\000u\000t\000i\000o\000n}{subsection.4.5.4}% 302
\BOOKMARK [3][-]{subsubsection*.176}{\376\377\000P\000r\000o\000v\000i\000d\000i\000n\000g\000\040\000n\000o\000n\000-\000t\000r\000i\000v\000i\000a\000l\000\040\000i\000n\000p\000u\000t\000\040\000v\000e\000c\000t\000o\000r\000s\000\040\000o\000f\000\040\000d\000a\000t\000a}{subsection.4.5.4}% 303
\BOOKMARK [3][-]{subsubsection*.177}{\376\377\000S\000t\000o\000r\000i\000n\000g\000\040\000a\000n\000d\000\040\000r\000e\000f\000e\000r\000e\000n\000c\000i\000n\000g\000\040\000n\000o\000n\000-\000t\000r\000i\000v\000i\000a\000l\000\040\000o\000u\000t\000p\000u\000t\000\040\000d\000a\000t\000a}{subsection.4.5.4}% 304
\BOOKMARK [3][-]{subsubsection*.178}{\376\377\000P\000r\000e\000s\000e\000n\000t\000i\000n\000g\000\040\000y\000o\000u\000r\000\040\000o\000u\000t\000p\000u\000t\000\040\000t\000e\000s\000t\000\040\000d\000a\000t\000a}{subsection.4.5.4}% 305
\BOOKMARK [1][-]{section.4.6}{\376\377\000C\000r\000e\000a\000t\000i\000n\000g\000\040\000a\000\040\000n\000e\000w\000\040\000n\000s\000-\0003\000\040\000m\000o\000d\000e\000l}{chapter.4}% 306
\BOOKMARK [2][-]{subsection.4.6.1}{\376\377\000D\000e\000s\000i\000g\000n\000\040\000A\000p\000p\000r\000o\000a\000c\000h}{section.4.6}% 307
\BOOKMARK [3][-]{subsubsection*.179}{\376\377\000E\000x\000a\000m\000p\000l\000e\000:\000\040\000E\000r\000r\000o\000r\000M\000o\000d\000e\000l}{subsection.4.6.1}% 308
\BOOKMARK [2][-]{subsection.4.6.2}{\376\377\000S\000c\000a\000f\000f\000o\000l\000d\000i\000n\000g}{section.4.6}% 309
\BOOKMARK [3][-]{subsubsection*.180}{\376\377\000R\000e\000v\000i\000e\000w\000\040\000t\000h\000e\000\040\000n\000s\000-\0003\000\040\000C\000o\000d\000i\000n\000g\000\040\000S\000t\000y\000l\000e\000\040\000D\000o\000c\000u\000m\000e\000n\000t}{subsection.4.6.2}% 310
\BOOKMARK [3][-]{subsubsection*.181}{\376\377\000D\000e\000c\000i\000d\000e\000\040\000W\000h\000e\000r\000e\000\040\000i\000n\000\040\000t\000h\000e\000\040\000S\000o\000u\000r\000c\000e\000\040\000T\000r\000e\000e\000\040\000t\000h\000e\000\040\000M\000o\000d\000e\000l\000\040\000S\000h\000o\000u\000l\000d\000\040\000R\000e\000s\000i\000d\000e}{subsection.4.6.2}% 311
\BOOKMARK [3][-]{subsubsection*.182}{\376\377\000c\000m\000a\000k\000e\000\040\000a\000n\000d\000\040\000C\000M\000a\000k\000e\000L\000i\000s\000t\000s\000.\000t\000x\000t}{subsection.4.6.2}% 312
\BOOKMARK [3][-]{subsubsection*.183}{\376\377\000I\000n\000c\000l\000u\000d\000e\000\040\000G\000u\000a\000r\000d\000s}{subsection.4.6.2}% 313
\BOOKMARK [3][-]{subsubsection*.184}{\376\377\000n\000a\000m\000e\000s\000p\000a\000c\000e\000\040\000n\000s\0003}{subsection.4.6.2}% 314
\BOOKMARK [2][-]{subsection.4.6.3}{\376\377\000I\000n\000i\000t\000i\000a\000l\000\040\000I\000m\000p\000l\000e\000m\000e\000n\000t\000a\000t\000i\000o\000n}{section.4.6}% 315
\BOOKMARK [3][-]{subsubsection*.185}{\376\377\000I\000n\000h\000e\000r\000i\000t\000\040\000f\000r\000o\000m\000\040\000t\000h\000e\000\040\000O\000b\000j\000e\000c\000t\000\040\000C\000l\000a\000s\000s\000?}{subsection.4.6.3}% 316
\BOOKMARK [3][-]{subsubsection*.186}{\376\377\000I\000n\000i\000t\000i\000a\000l\000\040\000C\000l\000a\000s\000s\000e\000s}{subsection.4.6.3}% 317
\BOOKMARK [3][-]{subsubsection*.187}{\376\377\000I\000n\000c\000l\000u\000d\000i\000n\000g\000\040\000E\000x\000t\000e\000r\000n\000a\000l\000\040\000F\000i\000l\000e\000s}{subsection.4.6.3}% 318
\BOOKMARK [3][-]{subsubsection*.188}{\376\377\000L\000o\000g\000g\000i\000n\000g\000\040\000S\000u\000p\000p\000o\000r\000t}{subsection.4.6.3}% 319
\BOOKMARK [3][-]{subsubsection*.189}{\376\377\000C\000o\000n\000s\000t\000r\000u\000c\000t\000o\000r\000,\000\040\000E\000m\000p\000t\000y\000\040\000F\000u\000n\000c\000t\000i\000o\000n\000\040\000P\000r\000o\000t\000o\000t\000y\000p\000e\000s}{subsection.4.6.3}% 320
\BOOKMARK [3][-]{subsubsection*.190}{\376\377\000K\000e\000y\000\040\000V\000a\000r\000i\000a\000b\000l\000e\000s\000\040\000\050\000D\000e\000f\000a\000u\000l\000t\000\040\000V\000a\000l\000u\000e\000s\000,\000\040\000A\000t\000t\000r\000i\000b\000u\000t\000e\000s\000\051}{subsection.4.6.3}% 321
\BOOKMARK [3][-]{subsubsection*.191}{\376\377\000T\000e\000s\000t\000\040\000P\000r\000o\000g\000r\000a\000m\000\040\0001}{subsection.4.6.3}% 322
\BOOKMARK [3][-]{subsubsection*.192}{\376\377\000O\000b\000j\000e\000c\000t\000\040\000F\000r\000a\000m\000e\000w\000o\000r\000k}{subsection.4.6.3}% 323
\BOOKMARK [2][-]{subsection.4.6.4}{\376\377\000A\000d\000d\000i\000n\000g\000\040\000a\000\040\000S\000a\000m\000p\000l\000e\000\040\000S\000c\000r\000i\000p\000t}{section.4.6}% 324
\BOOKMARK [3][-]{subsubsection*.193}{\376\377\000A\000d\000d\000\040\000B\000a\000s\000i\000c\000\040\000S\000u\000p\000p\000o\000r\000t\000\040\000i\000n\000\040\000t\000h\000e\000\040\000C\000l\000a\000s\000s}{subsection.4.6.4}% 325
\BOOKMARK [3][-]{subsubsection*.194}{\376\377\000A\000d\000d\000\040\000A\000c\000c\000e\000s\000s\000o\000r}{subsection.4.6.4}% 326
\BOOKMARK [3][-]{subsubsection*.195}{\376\377\000P\000l\000u\000m\000b\000\040\000I\000n\000t\000o\000\040\000t\000h\000e\000\040\000S\000y\000s\000t\000e\000m}{subsection.4.6.4}% 327
\BOOKMARK [3][-]{subsubsection*.196}{\376\377\000C\000r\000e\000a\000t\000e\000\040\000N\000u\000l\000l\000\040\000F\000u\000n\000c\000t\000i\000o\000n\000a\000l\000\040\000S\000c\000r\000i\000p\000t}{subsection.4.6.4}% 328
\BOOKMARK [2][-]{subsection.4.6.5}{\376\377\000A\000d\000d\000\040\000a\000\040\000S\000u\000b\000c\000l\000a\000s\000s}{section.4.6}% 329
\BOOKMARK [3][-]{subsubsection*.197}{\376\377\000H\000o\000w\000\040\000t\000o\000\040\000S\000u\000b\000c\000l\000a\000s\000s}{subsection.4.6.5}% 330
\BOOKMARK [2][-]{subsection.4.6.6}{\376\377\000B\000u\000i\000l\000d\000\040\000C\000o\000r\000e\000\040\000F\000u\000n\000c\000t\000i\000o\000n\000s\000\040\000a\000n\000d\000\040\000U\000n\000i\000t\000\040\000T\000e\000s\000t\000s}{section.4.6}% 331
\BOOKMARK [3][-]{subsubsection*.198}{\376\377\000A\000s\000s\000e\000r\000t\000\040\000M\000a\000c\000r\000o\000s}{subsection.4.6.6}% 332
\BOOKMARK [3][-]{subsubsection*.199}{\376\377\000W\000r\000i\000t\000i\000n\000g\000\040\000U\000n\000i\000t\000\040\000T\000e\000s\000t\000s}{subsection.4.6.6}% 333
\BOOKMARK [1][-]{section.4.7}{\376\377\000A\000d\000d\000i\000n\000g\000\040\000a\000\040\000N\000e\000w\000\040\000M\000o\000d\000u\000l\000e\000\040\000t\000o\000\040\000n\000s\000-\0003}{chapter.4}% 334
\BOOKMARK [2][-]{subsection.4.7.1}{\376\377\000S\000t\000e\000p\000\040\0000\000\040\000-\000\040\000M\000o\000d\000u\000l\000e\000\040\000L\000a\000y\000o\000u\000t}{section.4.7}% 335
\BOOKMARK [2][-]{subsection.4.7.2}{\376\377\000S\000t\000e\000p\000\040\0001\000\040\000-\000\040\000C\000r\000e\000a\000t\000e\000\040\000a\000\040\000M\000o\000d\000u\000l\000e\000\040\000S\000k\000e\000l\000e\000t\000o\000n}{section.4.7}% 336
\BOOKMARK [2][-]{subsection.4.7.3}{\376\377\000S\000t\000e\000p\000\040\0003\000\040\000-\000\040\000D\000e\000c\000l\000a\000r\000e\000\040\000S\000o\000u\000r\000c\000e\000\040\000F\000i\000l\000e\000s}{section.4.7}% 337
\BOOKMARK [2][-]{subsection.4.7.4}{\376\377\000S\000t\000e\000p\000\040\0004\000\040\000-\000\040\000D\000e\000c\000l\000a\000r\000e\000\040\000P\000u\000b\000l\000i\000c\000\040\000H\000e\000a\000d\000e\000r\000\040\000F\000i\000l\000e\000s}{section.4.7}% 338
\BOOKMARK [2][-]{subsection.4.7.5}{\376\377\000S\000t\000e\000p\000\040\0005\000\040\000-\000\040\000D\000e\000c\000l\000a\000r\000e\000\040\000T\000e\000s\000t\000s}{section.4.7}% 339
\BOOKMARK [2][-]{subsection.4.7.6}{\376\377\000S\000t\000e\000p\000\040\0006\000\040\000-\000\040\000D\000e\000c\000l\000a\000r\000e\000\040\000E\000x\000a\000m\000p\000l\000e\000s}{section.4.7}% 340
\BOOKMARK [2][-]{subsection.4.7.7}{\376\377\000S\000t\000e\000p\000\040\0007\000\040\000-\000\040\000E\000x\000a\000m\000p\000l\000e\000s\000\040\000R\000u\000n\000\040\000a\000s\000\040\000T\000e\000s\000t\000s}{section.4.7}% 341
\BOOKMARK [2][-]{subsection.4.7.8}{\376\377\000S\000t\000e\000p\000\040\0008\000\040\000-\000\040\000C\000o\000n\000f\000i\000g\000u\000r\000e\000\040\000a\000n\000d\000\040\000B\000u\000i\000l\000d}{section.4.7}% 342
\BOOKMARK [2][-]{subsection.4.7.9}{\376\377\000S\000t\000e\000p\000\040\0009\000\040\000-\000\040\000P\000y\000t\000h\000o\000n\000\040\000B\000i\000n\000d\000i\000n\000g\000s}{section.4.7}% 343
\BOOKMARK [1][-]{section.4.8}{\376\377\000C\000r\000e\000a\000t\000i\000n\000g\000\040\000D\000o\000c\000u\000m\000e\000n\000t\000a\000t\000i\000o\000n}{chapter.4}% 344
\BOOKMARK [2][-]{subsection.4.8.1}{\376\377\000D\000o\000c\000u\000m\000e\000n\000t\000i\000n\000g\000\040\000w\000i\000t\000h\000\040\000S\000p\000h\000i\000n\000x}{section.4.8}% 345
\BOOKMARK [3][-]{subsubsection*.200}{\376\377\000A\000d\000d\000i\000n\000g\000\040\000N\000e\000w\000\040\000C\000h\000a\000p\000t\000e\000r\000s}{subsection.4.8.1}% 346
\BOOKMARK [4][-]{paragraph*.201}{\376\377\000W\000h\000e\000r\000e\000?}{subsubsection*.200}% 347
\BOOKMARK [4][-]{paragraph*.202}{\376\377\000L\000i\000n\000k}{subsubsection*.200}% 348
\BOOKMARK [4][-]{paragraph*.203}{\376\377\000M\000a\000k\000e\000f\000i\000l\000e}{subsubsection*.200}% 349
\BOOKMARK [3][-]{subsubsection*.204}{\376\377\000B\000u\000i\000l\000d\000i\000n\000g\000\040\000S\000p\000h\000i\000n\000x\000\040\000D\000o\000c\000s}{subsection.4.8.1}% 350
\BOOKMARK [3][-]{subsubsection*.205}{\376\377\000n\000s\000-\0003\000\040\000S\000p\000e\000c\000i\000f\000i\000c\000s}{subsection.4.8.1}% 351
\BOOKMARK [2][-]{subsection.4.8.2}{\376\377\000D\000o\000c\000u\000m\000e\000n\000t\000i\000n\000g\000\040\000w\000i\000t\000h\000\040\000D\000o\000x\000y\000g\000e\000n}{section.4.8}% 352
\BOOKMARK [3][-]{subsubsection*.206}{\376\377\000P\000r\000e\000f\000e\000r\000r\000e\000d\000\040\000S\000t\000y\000l\000e}{subsection.4.8.2}% 353
\BOOKMARK [3][-]{subsubsection*.207}{\376\377\000U\000s\000e\000f\000u\000l\000\040\000F\000e\000a\000t\000u\000r\000e\000s}{subsection.4.8.2}% 354
\BOOKMARK [3][-]{subsubsection*.208}{\376\377\000B\000u\000i\000l\000d\000i\000n\000g\000\040\000D\000o\000x\000y\000g\000e\000n\000\040\000D\000o\000c\000s}{subsection.4.8.2}% 355
\BOOKMARK [3][-]{subsubsection*.209}{\376\377\000n\000s\000-\0003\000\040\000S\000p\000e\000c\000i\000f\000i\000c\000s}{subsection.4.8.2}% 356
\BOOKMARK [1][-]{section.4.9}{\376\377\000P\000r\000o\000f\000i\000l\000i\000n\000g}{chapter.4}% 357
\BOOKMARK [2][-]{subsection.4.9.1}{\376\377\000M\000e\000m\000o\000r\000y\000\040\000P\000r\000o\000f\000i\000l\000e\000r\000s}{section.4.9}% 358
\BOOKMARK [3][-]{subsubsection*.210}{\376\377\000V\000a\000l\000g\000r\000i\000n\000d}{subsection.4.9.1}% 359
\BOOKMARK [3][-]{subsubsection*.211}{\376\377\000S\000a\000n\000i\000t\000i\000z\000e\000r\000s}{subsection.4.9.1}% 360
\BOOKMARK [3][-]{subsubsection*.212}{\376\377\000H\000e\000a\000p\000t\000r\000a\000c\000k}{subsection.4.9.1}% 361
\BOOKMARK [3][-]{subsubsection*.213}{\376\377\000M\000e\000m\000r\000a\000y}{subsection.4.9.1}% 362
\BOOKMARK [2][-]{subsection.4.9.2}{\376\377\000P\000e\000r\000f\000o\000r\000m\000a\000n\000c\000e\000\040\000P\000r\000o\000f\000i\000l\000e\000r\000s}{section.4.9}% 363
\BOOKMARK [3][-]{subsubsection*.214}{\376\377\000L\000i\000n\000u\000x\000\040\000P\000e\000r\000f\000\040\000a\000n\000d\000\040\000H\000o\000t\000s\000p\000o\000t\000\040\000G\000U\000I}{subsection.4.9.2}% 364
\BOOKMARK [3][-]{subsubsection*.215}{\376\377\000A\000M\000D\000\040\000u\000P\000r\000o\000f}{subsection.4.9.2}% 365
\BOOKMARK [3][-]{subsubsection*.216}{\376\377\000I\000n\000t\000e\000l\000\040\000V\000T\000u\000n\000e}{subsection.4.9.2}% 366
\BOOKMARK [2][-]{subsection.4.9.3}{\376\377\000S\000y\000s\000t\000e\000m\000\040\000c\000a\000l\000l\000s\000\040\000p\000r\000o\000f\000i\000l\000e\000r\000s}{section.4.9}% 367
\BOOKMARK [3][-]{subsubsection*.217}{\376\377\000S\000t\000r\000a\000c\000e}{subsection.4.9.3}% 368
\BOOKMARK [2][-]{subsection.4.9.4}{\376\377\000C\000o\000m\000p\000i\000l\000a\000t\000i\000o\000n\000\040\000P\000r\000o\000f\000i\000l\000e\000r\000s}{section.4.9}% 369
\BOOKMARK [3][-]{subsubsection*.218}{\376\377\000G\000C\000C}{subsection.4.9.4}% 370
\BOOKMARK [3][-]{subsubsection*.219}{\376\377\000C\000l\000a\000n\000g}{subsection.4.9.4}% 371
\BOOKMARK [3][-]{subsubsection*.220}{\376\377\000N\000i\000n\000j\000a\000T\000r\000a\000c\000i\000n\000g}{subsection.4.9.4}% 372
\BOOKMARK [2][-]{subsection.4.9.5}{\376\377\000C\000M\000a\000k\000e\000\040\000P\000r\000o\000f\000i\000l\000e\000r}{section.4.9}% 373
\BOOKMARK [1][-]{section.4.10}{\376\377\000W\000o\000r\000k\000i\000n\000g\000\040\000w\000i\000t\000h\000\040\000g\000i\000t\000l\000a\000b\000-\000c\000i\000-\000l\000o\000c\000a\000l}{chapter.4}% 374
\BOOKMARK [0][-]{chapter.5}{\376\377\000U\000t\000i\000l\000i\000t\000i\000e\000s}{}% 375
\BOOKMARK [1][-]{section.5.1}{\376\377\000P\000r\000i\000n\000t\000-\000i\000n\000t\000r\000o\000s\000p\000e\000c\000t\000e\000d\000-\000d\000o\000x\000y\000g\000e\000n}{chapter.5}% 376
\BOOKMARK [2][-]{subsection.5.1.1}{\376\377\000I\000n\000v\000o\000c\000a\000t\000i\000o\000n}{section.5.1}% 377
\BOOKMARK [1][-]{section.5.2}{\376\377\000b\000e\000n\000c\000h\000-\000s\000c\000h\000e\000d\000u\000l\000e\000r}{chapter.5}% 378
\BOOKMARK [2][-]{subsection.5.2.1}{\376\377\000C\000o\000m\000m\000a\000n\000d\000-\000l\000i\000n\000e\000\040\000A\000r\000g\000u\000m\000e\000n\000t\000s}{section.5.2}% 379
\BOOKMARK [2][-]{subsection.5.2.2}{\376\377\000I\000n\000v\000o\000c\000a\000t\000i\000o\000n}{section.5.2}% 380
\BOOKMARK [0][-]{chapter.6}{\376\377\000S\000u\000p\000p\000o\000r\000t}{}% 381
\BOOKMARK [1][-]{section.6.1}{\376\377\000E\000n\000a\000b\000l\000i\000n\000g\000\040\000S\000u\000b\000s\000e\000t\000s\000\040\000o\000f\000\040\000n\000s\000-\0003\000\040\000M\000o\000d\000u\000l\000e\000s}{chapter.6}% 382
\BOOKMARK [2][-]{subsection.6.1.1}{\376\377\000H\000o\000w\000\040\000t\000o\000\040\000e\000n\000a\000b\000l\000e\000\040\000a\000\040\000s\000u\000b\000s\000e\000t\000\040\000o\000f\000\040\000n\000s\000-\0003\040\031\000s\000\040\000m\000o\000d\000u\000l\000e\000s}{section.6.1}% 383
\BOOKMARK [3][-]{subsubsection*.221}{\376\377\000E\000n\000a\000b\000l\000e\000\040\000m\000o\000d\000u\000l\000e\000s\000\040\000u\000s\000i\000n\000g\000\040\000n\000s\0003\040\031\000s\000\040\040\023\000e\000n\000a\000b\000l\000e\000-\000m\000o\000d\000u\000l\000e\000s\000\040\000o\000p\000t\000i\000o\000n}{subsection.6.1.1}% 384
\BOOKMARK [3][-]{subsubsection*.222}{\376\377\000E\000n\000a\000b\000l\000e\000\040\000m\000o\000d\000u\000l\000e\000s\000\040\000u\000s\000i\000n\000g\000\040\000t\000h\000e\000\040\000n\000s\000-\0003\000\040\000c\000o\000n\000f\000i\000g\000u\000r\000a\000t\000i\000o\000n\000\040\000f\000i\000l\000e}{subsection.6.1.1}% 385
\BOOKMARK [1][-]{section.6.2}{\376\377\000E\000n\000a\000b\000l\000i\000n\000g\000/\000d\000i\000s\000a\000b\000l\000i\000n\000g\000\040\000n\000s\000-\0003\000\040\000T\000e\000s\000t\000s\000\040\000a\000n\000d\000\040\000E\000x\000a\000m\000p\000l\000e\000s}{chapter.6}% 386
\BOOKMARK [2][-]{subsection.6.2.1}{\376\377\000H\000o\000w\000\040\000t\000o\000\040\000e\000n\000a\000b\000l\000e\000/\000d\000i\000s\000a\000b\000l\000e\000\040\000e\000x\000a\000m\000p\000l\000e\000s\000\040\000a\000n\000d\000\040\000t\000e\000s\000t\000s\000\040\000i\000n\000\040\000n\000s\000-\0003}{section.6.2}% 387
\BOOKMARK [3][-]{subsubsection*.223}{\376\377\000E\000n\000a\000b\000l\000e\000/\000d\000i\000s\000a\000b\000l\000e\000\040\000e\000x\000a\000m\000p\000l\000e\000s\000\040\000a\000n\000d\000\040\000t\000e\000s\000t\000s\000\040\000u\000s\000i\000n\000g\000\040\000b\000u\000i\000l\000d\000.\000p\000y}{subsection.6.2.1}% 388
\BOOKMARK [3][-]{subsubsection*.224}{\376\377\000E\000n\000a\000b\000l\000e\000/\000d\000i\000s\000a\000b\000l\000e\000\040\000e\000x\000a\000m\000p\000l\000e\000s\000\040\000a\000n\000d\000\040\000t\000e\000s\000t\000s\000\040\000u\000s\000i\000n\000g\000\040\000n\000s\0003}{subsection.6.2.1}% 389
\BOOKMARK [3][-]{subsubsection*.225}{\376\377\000E\000n\000a\000b\000l\000e\000/\000d\000i\000s\000a\000b\000l\000e\000\040\000e\000x\000a\000m\000p\000l\000e\000s\000\040\000a\000n\000d\000\040\000t\000e\000s\000t\000s\000\040\000u\000s\000i\000n\000g\000\040\000t\000h\000e\000\040\000n\000s\000-\0003\000\040\000c\000o\000n\000f\000i\000g\000u\000r\000a\000t\000i\000o\000n\000\040\000f\000i\000l\000e}{subsection.6.2.1}% 390
\BOOKMARK [3][-]{subsubsection*.226}{\376\377\000E\000n\000a\000b\000l\000e\000\040\000e\000x\000a\000m\000p\000l\000e\000s\000\040\000a\000n\000d\000\040\000t\000e\000s\000t\000s\000\040\000t\000h\000a\000t\000\040\000d\000e\000p\000e\000n\000d\000\040\000o\000n\000\040\000a\000\040\000s\000e\000t\000\040\000o\000f\000\040\000m\000o\000d\000u\000l\000e\000s\000\040\000u\000s\000i\000n\000g\000\040\000n\000s\000-\0003}{subsection.6.2.1}% 391
\BOOKMARK [3][-]{subsubsection*.227}{\376\377\000E\000n\000a\000b\000l\000e\000\040\000e\000x\000a\000m\000p\000l\000e\000s\000\040\000a\000n\000d\000\040\000t\000e\000s\000t\000s\000\040\000t\000h\000a\000t\000\040\000d\000e\000p\000e\000n\000d\000\040\000o\000n\000\040\000a\000\040\000s\000e\000t\000\040\000o\000f\000\040\000m\000o\000d\000u\000l\000e\000s\000\040\000u\000s\000i\000n\000g\000\040\000t\000h\000e\000\040\000n\000s\000-\0003\000\040\000c\000o\000n\000f\000i\000g\000u\000r\000a\000t\000i\000o\000n\000\040\000f\000i\000l\000e}{subsection.6.2.1}% 392
\BOOKMARK [1][-]{section.6.3}{\376\377\000T\000r\000o\000u\000b\000l\000e\000s\000h\000o\000o\000t\000i\000n\000g}{chapter.6}% 393
\BOOKMARK [2][-]{subsection.6.3.1}{\376\377\000B\000u\000i\000l\000d\000\040\000e\000r\000r\000o\000r\000s}{section.6.3}% 394
\BOOKMARK [2][-]{subsection.6.3.2}{\376\377\000R\000u\000n\000-\000t\000i\000m\000e\000\040\000e\000r\000r\000o\000r\000s}{section.6.3}% 395
\BOOKMARK [0][-]{chapter*.228}{\376\377\000B\000i\000b\000l\000i\000o\000g\000r\000a\000p\000h\000y}{}% 396
\BOOKMARK [0][-]{section*.229}{\376\377\000I\000n\000d\000e\000x}{}% 397
