This is pdfTeX, Version 3.141592653-2.6-1.40.25 (TeX Live 2023/Arch Linux) (preloaded format=pdflatex 2024.3.20)  20 MAR 2024 17:55
entering extended mode
 restricted \write18 enabled.
 %&-line parsing enabled.
**ns-3-manual.tex
(./ns-3-manual.tex
LaTeX2e <2022-11-01> patch level 1
L3 programming layer <2023-02-22> (./sphinxmanual.cls
Document Class: sphinxmanual 2019/12/01 v2.3.0 Document class (Sphinx manual)
(/usr/share/texmf-dist/tex/latex/base/report.cls
Document Class: report 2022/07/02 v1.4n Standard LaTeX document class
(/usr/share/texmf-dist/tex/latex/base/size10.clo
File: size10.clo 2022/07/02 v1.4n Standard LaTeX file (size option)
)
\c@part=\count185
\c@chapter=\count186
\c@section=\count187
\c@subsection=\count188
\c@subsubsection=\count189
\c@paragraph=\count190
\c@subparagraph=\count191
\c@figure=\count192
\c@table=\count193
\abovecaptionskip=\skip48
\belowcaptionskip=\skip49
\bibindent=\dimen140
)
LaTeX Info: Redefining \and on input line 35.
)
(/usr/share/texmf-dist/tex/latex/base/inputenc.sty
Package: inputenc 2021/02/14 v1.3d Input encoding file
\inpenc@prehook=\toks16
\inpenc@posthook=\toks17
)
   defining Unicode char U+00A0 (decimal 160)
   defining Unicode char U+2500 (decimal 9472)
   defining Unicode char U+2502 (decimal 9474)
   defining Unicode char U+2514 (decimal 9492)
   defining Unicode char U+251C (decimal 9500)
   defining Unicode char U+2572 (decimal 9586)

(/usr/share/texmf-dist/tex/latex/cmap/cmap.sty
Package: cmap 2021/02/06 v1.0j CMap support: searchable PDF
)
(/usr/share/texmf-dist/tex/latex/base/fontenc.sty
Package: fontenc 2021/04/29 v2.0v Standard LaTeX package
<<t1.cmap>>)
(/usr/share/texmf-dist/tex/latex/amsmath/amsmath.sty
Package: amsmath 2022/04/08 v2.17n AMS math features
\@mathmargin=\skip50

For additional information on amsmath, use the `?' option.
(/usr/share/texmf-dist/tex/latex/amsmath/amstext.sty
Package: amstext 2021/08/26 v2.01 AMS text

(/usr/share/texmf-dist/tex/latex/amsmath/amsgen.sty
File: amsgen.sty 1999/11/30 v2.0 generic functions
\@emptytoks=\toks18
\ex@=\dimen141
))
(/usr/share/texmf-dist/tex/latex/amsmath/amsbsy.sty
Package: amsbsy 1999/11/29 v1.2d Bold Symbols
\pmbraise@=\dimen142
)
(/usr/share/texmf-dist/tex/latex/amsmath/amsopn.sty
Package: amsopn 2022/04/08 v2.04 operator names
)
\inf@bad=\count194
LaTeX Info: Redefining \frac on input line 234.
\uproot@=\count195
\leftroot@=\count196
LaTeX Info: Redefining \overline on input line 399.
LaTeX Info: Redefining \colon on input line 410.
\classnum@=\count197
\DOTSCASE@=\count198
LaTeX Info: Redefining \ldots on input line 496.
LaTeX Info: Redefining \dots on input line 499.
LaTeX Info: Redefining \cdots on input line 620.
\Mathstrutbox@=\box51
\strutbox@=\box52
LaTeX Info: Redefining \big on input line 722.
LaTeX Info: Redefining \Big on input line 723.
LaTeX Info: Redefining \bigg on input line 724.
LaTeX Info: Redefining \Bigg on input line 725.
\big@size=\dimen143
LaTeX Font Info:    Redeclaring font encoding OML on input line 743.
LaTeX Font Info:    Redeclaring font encoding OMS on input line 744.
\macc@depth=\count199
LaTeX Info: Redefining \bmod on input line 905.
LaTeX Info: Redefining \pmod on input line 910.
LaTeX Info: Redefining \smash on input line 940.
LaTeX Info: Redefining \relbar on input line 970.
LaTeX Info: Redefining \Relbar on input line 971.
\c@MaxMatrixCols=\count266
\dotsspace@=\muskip16
\c@parentequation=\count267
\dspbrk@lvl=\count268
\tag@help=\toks19
\row@=\count269
\column@=\count270
\maxfields@=\count271
\andhelp@=\toks20
\eqnshift@=\dimen144
\alignsep@=\dimen145
\tagshift@=\dimen146
\tagwidth@=\dimen147
\totwidth@=\dimen148
\lineht@=\dimen149
\@envbody=\toks21
\multlinegap=\skip51
\multlinetaggap=\skip52
\mathdisplay@stack=\toks22
LaTeX Info: Redefining \[ on input line 2953.
LaTeX Info: Redefining \] on input line 2954.
)
(/usr/share/texmf-dist/tex/latex/amsfonts/amssymb.sty
Package: amssymb 2013/01/14 v3.01 AMS font symbols

(/usr/share/texmf-dist/tex/latex/amsfonts/amsfonts.sty
Package: amsfonts 2013/01/14 v3.01 Basic AMSFonts support
\symAMSa=\mathgroup4
\symAMSb=\mathgroup5
LaTeX Font Info:    Redeclaring math symbol \hbar on input line 98.
LaTeX Font Info:    Overwriting math alphabet `\mathfrak' in version `bold'
(Font)                  U/euf/m/n --> U/euf/b/n on input line 106.
))
(/usr/share/texmf-dist/tex/generic/babel/babel.sty
Package: babel 2023/02/13 3.86 The Babel package
\babel@savecnt=\count272
\U@D=\dimen150
\l@unhyphenated=\language3

(/usr/share/texmf-dist/tex/generic/babel/txtbabel.def)
\bbl@readstream=\read2
\bbl@dirlevel=\count273

(/usr/share/texmf-dist/tex/generic/babel-english/english.ldf
Language: english 2017/06/06 v3.3r English support from the babel system
Package babel Info: Hyphen rules for 'british' set to \l@english
(babel)             (\language0). Reported on input line 82.
Package babel Info: Hyphen rules for 'UKenglish' set to \l@english
(babel)             (\language0). Reported on input line 83.
Package babel Info: Hyphen rules for 'canadian' set to \l@english
(babel)             (\language0). Reported on input line 102.
Package babel Info: Hyphen rules for 'australian' set to \l@english
(babel)             (\language0). Reported on input line 105.
Package babel Info: Hyphen rules for 'newzealand' set to \l@english
(babel)             (\language0). Reported on input line 108.
))
(/usr/share/texmf-dist/tex/generic/babel/locale/en/babel-english.tex
Package babel Info: Importing font and identification data for english
(babel)             from babel-en.ini. Reported on input line 11.
)
(/usr/share/texmf-dist/tex/latex/tex-gyre/tgtermes.sty
Package: tgtermes 2009/09/27 v1.2 TeX Gyre Termes as default roman family

(/usr/share/texmf-dist/tex/latex/kvoptions/kvoptions.sty
Package: kvoptions 2022-06-15 v3.15 Key value format for package options (HO)

(/usr/share/texmf-dist/tex/latex/graphics/keyval.sty
Package: keyval 2022/05/29 v1.15 key=value parser (DPC)
\KV@toks@=\toks23
)
(/usr/share/texmf-dist/tex/generic/ltxcmds/ltxcmds.sty
Package: ltxcmds 2020-05-10 v1.25 LaTeX kernel commands for general use (HO)
)
(/usr/share/texmf-dist/tex/latex/kvsetkeys/kvsetkeys.sty
Package: kvsetkeys 2022-10-05 v1.19 Key value parser (HO)
)))
(/usr/share/texmf-dist/tex/latex/tex-gyre/tgheros.sty
Package: tgheros 2009/09/27 v1.2 TeX Gyre Heros as default sans serif family
)
(/usr/share/texmf-dist/tex/latex/fncychap/fncychap.sty
Package: fncychap 2007/07/30 v1.34 LaTeX package (Revised chapters)
\RW=\skip53
\mylen=\skip54
\myhi=\skip55
\px=\skip56
\py=\skip57
\pyy=\skip58
\pxx=\skip59
\c@AlphaCnt=\count274
\c@AlphaDecCnt=\count275
) (./sphinx.sty
Package: sphinx 2023/03/19 v6.2.0 LaTeX package (Sphinx markup)

(/usr/share/texmf-dist/tex/latex/xcolor/xcolor.sty
Package: xcolor 2022/06/12 v2.14 LaTeX color extensions (UK)

(/usr/share/texmf-dist/tex/latex/graphics-cfg/color.cfg
File: color.cfg 2016/01/02 v1.6 sample color configuration
)
Package xcolor Info: Driver file: pdftex.def on input line 227.

(/usr/share/texmf-dist/tex/latex/graphics-def/pdftex.def
File: pdftex.def 2022/09/22 v1.2b Graphics/color driver for pdftex
)
(/usr/share/texmf-dist/tex/latex/graphics/mathcolor.ltx)
Package xcolor Info: Model `cmy' substituted by `cmy0' on input line 1353.
Package xcolor Info: Model `hsb' substituted by `rgb' on input line 1357.
Package xcolor Info: Model `RGB' extended on input line 1369.
Package xcolor Info: Model `HTML' substituted by `rgb' on input line 1371.
Package xcolor Info: Model `Hsb' substituted by `hsb' on input line 1372.
Package xcolor Info: Model `tHsb' substituted by `hsb' on input line 1373.
Package xcolor Info: Model `HSB' substituted by `hsb' on input line 1374.
Package xcolor Info: Model `Gray' substituted by `gray' on input line 1375.
Package xcolor Info: Model `wave' substituted by `hsb' on input line 1376.
)
(./sphinxoptionshyperref.sty
File: sphinxoptionshyperref.sty 2021/01/27 hyperref
) (./sphinxoptionsgeometry.sty
File: sphinxoptionsgeometry.sty 2021/01/27 geometry
)
(/usr/share/texmf-dist/tex/latex/base/textcomp.sty
Package: textcomp 2020/02/02 v2.0n Standard LaTeX package
)
(/usr/share/texmf-dist/tex/latex/float/float.sty
Package: float 2001/11/08 v1.3d Float enhancements (AL)
\c@float@type=\count276
\float@exts=\toks24
\float@box=\box53
\@float@everytoks=\toks25
\@floatcapt=\box54
)
(/usr/share/texmf-dist/tex/latex/wrapfig/wrapfig.sty
\wrapoverhang=\dimen151
\WF@size=\dimen152
\c@WF@wrappedlines=\count277
\WF@box=\box55
\WF@everypar=\toks26
Package: wrapfig 2003/01/31  v 3.6
)
(/usr/share/texmf-dist/tex/latex/capt-of/capt-of.sty
Package: capt-of 2009/12/29 v0.2 standard captions outside of floats
)
(/usr/share/texmf-dist/tex/latex/tools/multicol.sty
Package: multicol 2021/11/30 v1.9d multicolumn formatting (FMi)
\c@tracingmulticols=\count278
\mult@box=\box56
\multicol@leftmargin=\dimen153
\c@unbalance=\count279
\c@collectmore=\count280
\doublecol@number=\count281
\multicoltolerance=\count282
\multicolpretolerance=\count283
\full@width=\dimen154
\page@free=\dimen155
\premulticols=\dimen156
\postmulticols=\dimen157
\multicolsep=\skip60
\multicolbaselineskip=\skip61
\partial@page=\box57
\last@line=\box58
\maxbalancingoverflow=\dimen158
\mult@rightbox=\box59
\mult@grightbox=\box60
\mult@firstbox=\box61
\mult@gfirstbox=\box62
\@tempa=\box63
\@tempa=\box64
\@tempa=\box65
\@tempa=\box66
\@tempa=\box67
\@tempa=\box68
\@tempa=\box69
\@tempa=\box70
\@tempa=\box71
\@tempa=\box72
\@tempa=\box73
\@tempa=\box74
\@tempa=\box75
\@tempa=\box76
\@tempa=\box77
\@tempa=\box78
\@tempa=\box79
\@tempa=\box80
\@tempa=\box81
\@tempa=\box82
\@tempa=\box83
\@tempa=\box84
\@tempa=\box85
\@tempa=\box86
\@tempa=\box87
\@tempa=\box88
\@tempa=\box89
\@tempa=\box90
\@tempa=\box91
\@tempa=\box92
\@tempa=\box93
\@tempa=\box94
\@tempa=\box95
\@tempa=\box96
\@tempa=\box97
\@tempa=\box98
\c@minrows=\count284
\c@columnbadness=\count285
\c@finalcolumnbadness=\count286
\last@try=\dimen159
\multicolovershoot=\dimen160
\multicolundershoot=\dimen161
\mult@nat@firstbox=\box99
\colbreak@box=\box100
\mc@col@check@num=\count287
)
(/usr/share/texmf-dist/tex/latex/graphics/graphicx.sty
Package: graphicx 2021/09/16 v1.2d Enhanced LaTeX Graphics (DPC,SPQR)

(/usr/share/texmf-dist/tex/latex/graphics/graphics.sty
Package: graphics 2022/03/10 v1.4e Standard LaTeX Graphics (DPC,SPQR)

(/usr/share/texmf-dist/tex/latex/graphics/trig.sty
Package: trig 2021/08/11 v1.11 sin cos tan (DPC)
)
(/usr/share/texmf-dist/tex/latex/graphics-cfg/graphics.cfg
File: graphics.cfg 2016/06/04 v1.11 sample graphics configuration
)
Package graphics Info: Driver file: pdftex.def on input line 107.
)
\Gin@req@height=\dimen162
\Gin@req@width=\dimen163
)
(./sphinxlatexgraphics.sty
File: sphinxlatexgraphics.sty 2021/01/27 graphics
\spx@image@maxheight=\dimen164
\spx@image@box=\box101
) (./sphinxpackageboxes.sty
Package: sphinxpackageboxes 2023/03/19 v6.2.0 advanced colored boxes

(/usr/share/texmf-dist/tex/latex/pict2e/pict2e.sty
Package: pict2e 2020/09/30 v0.4b Improved picture commands (HjG,RN,JT)

(/usr/share/texmf-dist/tex/latex/pict2e/pict2e.cfg
File: pict2e.cfg 2016/02/05 v0.1u pict2e configuration for teTeX/TeXLive
)
Package pict2e Info: Driver file: pdftex.def on input line 112.
Package pict2e Info: Driver file for pict2e: p2e-pdftex.def on input line 114.

(/usr/share/texmf-dist/tex/latex/pict2e/p2e-pdftex.def
File: p2e-pdftex.def 2016/02/05 v0.1u Driver-dependant file (RN,HjG,JT)
)
\pIIe@GRAPH=\toks27
\@arclen=\dimen165
\@arcrad=\dimen166
\pIIe@tempdima=\dimen167
\pIIe@tempdimb=\dimen168
\pIIe@tempdimc=\dimen169
\pIIe@tempdimd=\dimen170
\pIIe@tempdime=\dimen171
\pIIe@tempdimf=\dimen172
)
(/usr/share/texmf-dist/tex/latex/ellipse/ellipse.sty
Package: ellipse 2004/11/05 v1.0 .dtx ellipse file
)
\@tempdimd=\dimen173
\spx@tempboxa=\box102
\spx@tempboxb=\box103
\spx@boxes@border=\dimen174
\spx@boxes@border@top=\dimen175
\spx@boxes@border@right=\dimen176
\spx@boxes@border@bottom=\dimen177
\spx@boxes@border@left=\dimen178
\spx@boxes@padding@top=\dimen179
\spx@boxes@padding@right=\dimen180
\spx@boxes@padding@bottom=\dimen181
\spx@boxes@padding@left=\dimen182
\spx@boxes@shadow@xoffset=\dimen183
\spx@boxes@shadow@yoffset=\dimen184
\spx@boxes@radius@topleft@x=\dimen185
\spx@boxes@radius@topright@x=\dimen186
\spx@boxes@radius@bottomright@x=\dimen187
\spx@boxes@radius@bottomleft@x=\dimen188
\spx@boxes@radius@topleft@y=\dimen189
\spx@boxes@radius@topright@y=\dimen190
\spx@boxes@radius@bottomright@y=\dimen191
\spx@boxes@radius@bottomleft@y=\dimen192
)
(./sphinxlatexadmonitions.sty
File: sphinxlatexadmonitions.sty 2023/03/19 admonitions

(/usr/share/texmf-dist/tex/latex/framed/framed.sty
Package: framed 2011/10/22 v 0.96: framed or shaded text with page breaks
\OuterFrameSep=\skip62
\fb@frw=\dimen193
\fb@frh=\dimen194
\FrameRule=\dimen195
\FrameSep=\dimen196
)
\spx@notice@border=\dimen197
) (./sphinxlatexliterals.sty
File: sphinxlatexliterals.sty 2023/04/01 code-blocks and parsed literals
(/usr/share/texmf-dist/tex/latex/fancyvrb/fancyvrb.sty
Package: fancyvrb 2023/01/19 4.5a verbatim text (tvz,hv)
\FV@CodeLineNo=\count288
\FV@InFile=\read3
\FV@TabBox=\box104
\c@FancyVerbLine=\count289
\FV@StepNumber=\count290
\FV@OutFile=\write3
)
(/usr/share/texmf-dist/tex/latex/base/alltt.sty
Package: alltt 2021/01/29 v2.0g defines alltt environment
)
(/usr/share/texmf-dist/tex/latex/upquote/upquote.sty
Package: upquote 2012/04/19 v1.3 upright-quote and grave-accent glyphs in verba
tim
)
(/usr/share/texmf-dist/tex/latex/needspace/needspace.sty
Package: needspace 2010/09/12 v1.3d reserve vertical space
)
\sphinxcontinuationbox=\box105
\sphinxvisiblespacebox=\box106
\sphinxVerbatim@TitleBox=\box107
\sphinxVerbatim@ContentsBox=\box108
)
(./sphinxlatexshadowbox.sty
File: sphinxlatexshadowbox.sty 2023/03/19 sphinxShadowBox
) (./sphinxlatexcontainers.sty
File: sphinxlatexcontainers.sty 2021/05/03 containers
)
(./sphinxhighlight.sty
Package: sphinxhighlight 2022/06/30 stylesheet for highlighting with pygments
) (./sphinxlatextables.sty
File: sphinxlatextables.sty 2022/08/15 tables

(/usr/share/texmf-dist/tex/latex/tabulary/tabulary.sty
Package: tabulary 2014/06/11 v0.10 tabulary package (DPC)

(/usr/share/texmf-dist/tex/latex/tools/array.sty
Package: array 2022/09/04 v2.5g Tabular extension package (FMi)
\col@sep=\dimen198
\ar@mcellbox=\box109
\extrarowheight=\dimen199
\NC@list=\toks28
\extratabsurround=\skip63
\backup@length=\skip64
\ar@cellbox=\box110
)
\TY@count=\count291
\TY@linewidth=\dimen256
\tymin=\dimen257
\tymax=\dimen258
\TY@tablewidth=\dimen259
)
(/usr/share/texmf-dist/tex/latex/tools/longtable.sty
Package: longtable 2021-09-01 v4.17 Multi-page Table package (DPC)
\LTleft=\skip65
\LTright=\skip66
\LTpre=\skip67
\LTpost=\skip68
\LTchunksize=\count292
\LTcapwidth=\dimen260
\LT@head=\box111
\LT@firsthead=\box112
\LT@foot=\box113
\LT@lastfoot=\box114
\LT@gbox=\box115
\LT@cols=\count293
\LT@rows=\count294
\c@LT@tables=\count295
\c@LT@chunks=\count296
\LT@p@ftn=\toks29
)
(/usr/share/texmf-dist/tex/latex/varwidth/varwidth.sty
Package: varwidth 2009/03/30 ver 0.92;  Variable-width minipages
\@vwid@box=\box116
\sift@deathcycles=\count297
\@vwid@loff=\dimen261
\@vwid@roff=\dimen262
)
\sphinx@TY@tablewidth=\dimen263

(/usr/share/texmf-dist/tex/latex/colortbl/colortbl.sty
Package: colortbl 2022/06/20 v1.0f Color table columns (DPC)
\everycr=\toks30
\minrowclearance=\skip69
\rownum=\count298
)
(/usr/share/texmf-dist/tex/latex/booktabs/booktabs.sty
Package: booktabs 2020/01/12 v1.61803398 Publication quality tables
\heavyrulewidth=\dimen264
\lightrulewidth=\dimen265
\cmidrulewidth=\dimen266
\belowrulesep=\dimen267
\belowbottomsep=\dimen268
\aboverulesep=\dimen269
\abovetopsep=\dimen270
\cmidrulesep=\dimen271
\cmidrulekern=\dimen272
\defaultaddspace=\dimen273
\@cmidla=\count299
\@cmidlb=\count300
\@aboverulesep=\dimen274
\@belowrulesep=\dimen275
\@thisruleclass=\count301
\@lastruleclass=\count302
\@thisrulewidth=\dimen276
))
(./sphinxlatexnumfig.sty
File: sphinxlatexnumfig.sty 2021/01/27 numbering
) (./sphinxlatexlists.sty
File: sphinxlatexlists.sty 2021/12/20 lists
\spx@lineitemlabel=\toks31
)
\c@sphinxscope=\count303
 (./sphinxpackagefootnote.sty
Package: sphinxpackagefootnote 2022/08/15 v5.3.0 Sphinx custom footnotehyper pa
ckage (Sphinx team)
\FNH@notes=\box117
\FNH@toks=\toks32
\FNH@width=\dimen277
\c@sphinxfootnotemark=\count304
) (./sphinxlatexindbibtoc.sty
File: sphinxlatexindbibtoc.sty 2021/01/27 index, bib., toc
 (/usr/share/texmf-dist/tex/latex/base/makeidx.sty
Package: makeidx 2021/10/04 v1.0m Standard LaTeX package
)) (./sphinxlatexstylepage.sty
File: sphinxlatexstylepage.sty 2021/01/27 page styling

(/usr/share/texmf-dist/tex/latex/parskip/parskip.sty
Rollback for package 'parskip' requested -> version 'v1'.
         This corresponds to the release introduced on 2001-04-09.

(/usr/share/texmf-dist/tex/latex/parskip/parskip-2001-04-09.sty
Package: parskip 2001/04/09 non-zero parskip adjustments
))
(/usr/share/texmf-dist/tex/latex/fancyhdr/fancyhdr.sty
Package: fancyhdr 2022/11/09 v4.1 Extensive control of page headers and footers

\f@nch@headwidth=\skip70
\f@nch@O@elh=\skip71
\f@nch@O@erh=\skip72
\f@nch@O@olh=\skip73
\f@nch@O@orh=\skip74
\f@nch@O@elf=\skip75
\f@nch@O@erf=\skip76
\f@nch@O@olf=\skip77
\f@nch@O@orf=\skip78
))
(./sphinxlatexstyleheadings.sty
File: sphinxlatexstyleheadings.sty 2023/02/11 headings

(/usr/share/texmf-dist/tex/latex/titlesec/titlesec.sty
Package: titlesec 2021/07/05 v2.14 Sectioning titles
\ttl@box=\box118
\beforetitleunit=\skip79
\aftertitleunit=\skip80
\ttl@plus=\dimen278
\ttl@minus=\dimen279
\ttl@toksa=\toks33
\titlewidth=\dimen280
\titlewidthlast=\dimen281
\titlewidthfirst=\dimen282
))
(./sphinxlatexstyletext.sty
File: sphinxlatexstyletext.sty 2023/07/23 text styling
) (./sphinxlatexobjects.sty
File: sphinxlatexobjects.sty 2023/07/23 documentation environments
\sphinxsignaturesep=\skip81
\sphinxsignaturelistskip=\skip82
\py@argswidth=\skip83
\lineblockindentation=\skip84
\DUlineblockindent=\skip85
))
(/usr/share/texmf-dist/tex/latex/geometry/geometry.sty
Package: geometry 2020/01/02 v5.9 Page Geometry

(/usr/share/texmf-dist/tex/generic/iftex/ifvtex.sty
Package: ifvtex 2019/10/25 v1.7 ifvtex legacy package. Use iftex instead.

(/usr/share/texmf-dist/tex/generic/iftex/iftex.sty
Package: iftex 2022/02/03 v1.0f TeX engine tests
))
\Gm@cnth=\count305
\Gm@cntv=\count306
\c@Gm@tempcnt=\count307
\Gm@bindingoffset=\dimen283
\Gm@wd@mp=\dimen284
\Gm@odd@mp=\dimen285
\Gm@even@mp=\dimen286
\Gm@layoutwidth=\dimen287
\Gm@layoutheight=\dimen288
\Gm@layouthoffset=\dimen289
\Gm@layoutvoffset=\dimen290
\Gm@dimlist=\toks34
)
(/usr/share/texmf-dist/tex/latex/hyperref/hyperref.sty
Package: hyperref 2023-02-07 v7.00v Hypertext links for LaTeX

(/usr/share/texmf-dist/tex/generic/pdftexcmds/pdftexcmds.sty
Package: pdftexcmds 2020-06-27 v0.33 Utility functions of pdfTeX for LuaTeX (HO
)

(/usr/share/texmf-dist/tex/generic/infwarerr/infwarerr.sty
Package: infwarerr 2019/12/03 v1.5 Providing info/warning/error messages (HO)
)
Package pdftexcmds Info: \pdf@primitive is available.
Package pdftexcmds Info: \pdf@ifprimitive is available.
Package pdftexcmds Info: \pdfdraftmode found.
)
(/usr/share/texmf-dist/tex/generic/kvdefinekeys/kvdefinekeys.sty
Package: kvdefinekeys 2019-12-19 v1.6 Define keys (HO)
)
(/usr/share/texmf-dist/tex/generic/pdfescape/pdfescape.sty
Package: pdfescape 2019/12/09 v1.15 Implements pdfTeX's escape features (HO)
)
(/usr/share/texmf-dist/tex/latex/hycolor/hycolor.sty
Package: hycolor 2020-01-27 v1.10 Color options for hyperref/bookmark (HO)
)
(/usr/share/texmf-dist/tex/latex/letltxmacro/letltxmacro.sty
Package: letltxmacro 2019/12/03 v1.6 Let assignment for LaTeX macros (HO)
)
(/usr/share/texmf-dist/tex/latex/auxhook/auxhook.sty
Package: auxhook 2019-12-17 v1.6 Hooks for auxiliary files (HO)
)
(/usr/share/texmf-dist/tex/latex/hyperref/nameref.sty
Package: nameref 2022-05-17 v2.50 Cross-referencing by name of section

(/usr/share/texmf-dist/tex/latex/refcount/refcount.sty
Package: refcount 2019/12/15 v3.6 Data extraction from label references (HO)
)
(/usr/share/texmf-dist/tex/generic/gettitlestring/gettitlestring.sty
Package: gettitlestring 2019/12/15 v1.6 Cleanup title references (HO)
)
\c@section@level=\count308
)
\@linkdim=\dimen291
\Hy@linkcounter=\count309
\Hy@pagecounter=\count310

(/usr/share/texmf-dist/tex/latex/hyperref/pd1enc.def
File: pd1enc.def 2023-02-07 v7.00v Hyperref: PDFDocEncoding definition (HO)
Now handling font encoding PD1 ...
... no UTF-8 mapping file for font encoding PD1
)
(/usr/share/texmf-dist/tex/generic/intcalc/intcalc.sty
Package: intcalc 2019/12/15 v1.3 Expandable calculations with integers (HO)
)
(/usr/share/texmf-dist/tex/generic/etexcmds/etexcmds.sty
Package: etexcmds 2019/12/15 v1.7 Avoid name clashes with e-TeX commands (HO)
)
\Hy@SavedSpaceFactor=\count311

(/usr/share/texmf-dist/tex/latex/hyperref/puenc.def
File: puenc.def 2023-02-07 v7.00v Hyperref: PDF Unicode definition (HO)
Now handling font encoding PU ...
... no UTF-8 mapping file for font encoding PU
)
Package hyperref Info: Option `unicode' set `true' on input line 4060.
Package hyperref Info: Option `colorlinks' set `true' on input line 4060.
Package hyperref Info: Option `breaklinks' set `true' on input line 4060.
Package hyperref Info: Hyper figures OFF on input line 4177.
Package hyperref Info: Link nesting OFF on input line 4182.
Package hyperref Info: Hyper index ON on input line 4185.
Package hyperref Info: Plain pages OFF on input line 4192.
Package hyperref Info: Backreferencing OFF on input line 4197.
Package hyperref Info: Implicit mode ON; LaTeX internals redefined.
Package hyperref Info: Bookmarks ON on input line 4425.
\c@Hy@tempcnt=\count312

(/usr/share/texmf-dist/tex/latex/url/url.sty
\Urlmuskip=\muskip17
Package: url 2013/09/16  ver 3.4  Verb mode for urls, etc.
)
LaTeX Info: Redefining \url on input line 4763.
\XeTeXLinkMargin=\dimen292

(/usr/share/texmf-dist/tex/generic/bitset/bitset.sty
Package: bitset 2019/12/09 v1.3 Handle bit-vector datatype (HO)

(/usr/share/texmf-dist/tex/generic/bigintcalc/bigintcalc.sty
Package: bigintcalc 2019/12/15 v1.5 Expandable calculations on big integers (HO
)
))
\Fld@menulength=\count313
\Field@Width=\dimen293
\Fld@charsize=\dimen294
Package hyperref Info: Hyper figures OFF on input line 6042.
Package hyperref Info: Link nesting OFF on input line 6047.
Package hyperref Info: Hyper index ON on input line 6050.
Package hyperref Info: backreferencing OFF on input line 6057.
Package hyperref Info: Link coloring ON on input line 6060.
Package hyperref Info: Link coloring with OCG OFF on input line 6067.
Package hyperref Info: PDF/A mode OFF on input line 6072.

(/usr/share/texmf-dist/tex/latex/base/atbegshi-ltx.sty
Package: atbegshi-ltx 2021/01/10 v1.0c Emulation of the original atbegshi
package with kernel methods
)
\Hy@abspage=\count314
\c@Item=\count315
\c@Hfootnote=\count316
)
Package hyperref Info: Driver (autodetected): hpdftex.

(/usr/share/texmf-dist/tex/latex/hyperref/hpdftex.def
File: hpdftex.def 2023-02-07 v7.00v Hyperref driver for pdfTeX

(/usr/share/texmf-dist/tex/latex/base/atveryend-ltx.sty
Package: atveryend-ltx 2020/08/19 v1.0a Emulation of the original atveryend pac
kage
with kernel methods
)
\Fld@listcount=\count317
\c@bookmark@seq@number=\count318

(/usr/share/texmf-dist/tex/latex/rerunfilecheck/rerunfilecheck.sty
Package: rerunfilecheck 2022-07-10 v1.10 Rerun checks for auxiliary files (HO)

(/usr/share/texmf-dist/tex/generic/uniquecounter/uniquecounter.sty
Package: uniquecounter 2019/12/15 v1.4 Provide unlimited unique counter (HO)
)
Package uniquecounter Info: New unique counter `rerunfilecheck' on input line 2
85.
)
\Hy@SectionHShift=\skip86
)
(/usr/share/texmf-dist/tex/latex/oberdiek/hypcap.sty
Package: hypcap 2016/05/16 v1.12 Adjusting the anchors of captions (HO)
) (./sphinxmessages.sty
Package: sphinxmessages 2019/01/04 v2.0 Localized LaTeX macros (Sphinx team)
)
\@indexfile=\write4
\openout4 = `ns-3-manual.idx'.


Writing index file ns-3-manual.idx
LaTeX Font Info:    Trying to load font information for T1+qtm on input line 75
.
(/usr/share/texmf-dist/tex/latex/tex-gyre/t1qtm.fd
File: t1qtm.fd 2009/09/25 v1.2 font definition file for T1/qtm
)
(/usr/share/texmf-dist/tex/latex/l3backend/l3backend-pdftex.def
File: l3backend-pdftex.def 2023-01-16 L3 backend support: PDF output (pdfTeX)
\l__color_backend_stack_int=\count319
\l__pdf_internal_box=\box119
)
(./ns-3-manual.aux)
\openout1 = `ns-3-manual.aux'.

LaTeX Font Info:    Checking defaults for OML/cmm/m/it on input line 75.
LaTeX Font Info:    ... okay on input line 75.
LaTeX Font Info:    Checking defaults for OMS/cmsy/m/n on input line 75.
LaTeX Font Info:    ... okay on input line 75.
LaTeX Font Info:    Checking defaults for OT1/cmr/m/n on input line 75.
LaTeX Font Info:    ... okay on input line 75.
LaTeX Font Info:    Checking defaults for T1/cmr/m/n on input line 75.
LaTeX Font Info:    ... okay on input line 75.
LaTeX Font Info:    Checking defaults for TS1/cmr/m/n on input line 75.
LaTeX Font Info:    ... okay on input line 75.
LaTeX Font Info:    Checking defaults for OMX/cmex/m/n on input line 75.
LaTeX Font Info:    ... okay on input line 75.
LaTeX Font Info:    Checking defaults for U/cmr/m/n on input line 75.
LaTeX Font Info:    ... okay on input line 75.
LaTeX Font Info:    Checking defaults for PD1/pdf/m/n on input line 75.
LaTeX Font Info:    ... okay on input line 75.
LaTeX Font Info:    Checking defaults for PU/pdf/m/n on input line 75.
LaTeX Font Info:    ... okay on input line 75.
 (/usr/share/texmf-dist/tex/context/base/mkii/supp-pdf.mkii
[Loading MPS to PDF converter (version 2006.09.02).]
\scratchcounter=\count320
\scratchdimen=\dimen295
\scratchbox=\box120
\nofMPsegments=\count321
\nofMParguments=\count322
\everyMPshowfont=\toks35
\MPscratchCnt=\count323
\MPscratchDim=\dimen296
\MPnumerator=\count324
\makeMPintoPDFobject=\count325
\everyMPtoPDFconversion=\toks36
) (/usr/share/texmf-dist/tex/latex/epstopdf-pkg/epstopdf-base.sty
Package: epstopdf-base 2020-01-24 v2.11 Base part for package epstopdf
Package epstopdf-base Info: Redefining graphics rule for `.eps' on input line 4
85.

(/usr/share/texmf-dist/tex/latex/latexconfig/epstopdf-sys.cfg
File: epstopdf-sys.cfg 2010/07/13 v1.3 Configuration of (r)epstopdf for TeX Liv
e
))
\c@literalblock=\count326

*geometry* driver: auto-detecting
*geometry* detected driver: pdftex
*geometry* verbose mode - [ preamble ] result:
* driver: pdftex
* paper: letterpaper
* layout: <same size as paper>
* layoutoffset:(h,v)=(0.0pt,0.0pt)
* modes: twoside 
* h-part:(L,W,R)=(72.26999pt, 469.75502pt, 72.26999pt)
* v-part:(T,H,B)=(72.26999pt, 650.43001pt, 72.26999pt)
* \paperwidth=614.295pt
* \paperheight=794.96999pt
* \textwidth=469.75502pt
* \textheight=650.43001pt
* \oddsidemargin=0.0pt
* \evensidemargin=0.0pt
* \topmargin=-37.0pt
* \headheight=12.0pt
* \headsep=25.0pt
* \topskip=10.0pt
* \footskip=30.0pt
* \marginparwidth=36.135pt
* \marginparsep=11.0pt
* \columnsep=10.0pt
* \skip\footins=9.0pt plus 4.0pt minus 2.0pt
* \hoffset=0.0pt
* \voffset=0.0pt
* \mag=1000
* \@twocolumnfalse
* \@twosidetrue
* \@mparswitchtrue
* \@reversemarginfalse
* (1in=72.27pt=25.4mm, 1cm=28.453pt)

Package hyperref Info: Link coloring ON on input line 75.
(./ns-3-manual.out) (./ns-3-manual.out)
\@outlinefile=\write5
\openout5 = `ns-3-manual.out'.

Package hyperref Info: Option `pageanchor' set `false' on input line 83.
<ns-3.png, id=1600, 423.83344pt x 242.40562pt>
LaTeX Font Info:    Trying to load font information for T1+txtt on input line 8
3.

(/usr/share/texmf-dist/tex/latex/txfonts/t1txtt.fd
File: t1txtt.fd 2000/12/15 v3.1
)
File: ns-3.png Graphic file (type png)
<use ns-3.png>
Package pdftex.def Info: ns-3.png  used on input line 83.
(pdftex.def)             Requested size: 423.83238pt x 242.40501pt.
LaTeX Font Info:    Trying to load font information for T1+qhv on input line 83
.

(/usr/share/texmf-dist/tex/latex/tex-gyre/t1qhv.fd
File: t1qhv.fd 2009/09/25 v1.2 font definition file for T1/qhv
)<<ot1.cmap>><<oml.cmap>><<oms.cmap>><<omx.cmap>>
LaTeX Font Info:    Trying to load font information for U+msa on input line 83.

 (/usr/share/texmf-dist/tex/latex/amsfonts/umsa.fd
File: umsa.fd 2013/01/14 v3.01 AMS symbols A
)
LaTeX Font Info:    Trying to load font information for U+msb on input line 83.


(/usr/share/texmf-dist/tex/latex/amsfonts/umsb.fd
File: umsb.fd 2013/01/14 v3.01 AMS symbols B
) [1

{/var/lib/texmf/fonts/map/pdftex/updmap/pdftex.map}{/usr/share/texmf-dist/fonts
/enc/dvips/tex-gyre/q-ec.enc} <./ns-3.png>] [2


] (./ns-3-manual.toc [1

])
\tf@toc=\write6
\openout6 = `ns-3-manual.toc'.

 [2]
LaTeX Font Info:    Trying to load font information for TS1+qtm on input line 9
4.

(/usr/share/texmf-dist/tex/latex/tex-gyre/ts1qtm.fd
File: ts1qtm.fd 2009/09/25 v1.2 font definition file for TS1/qtm
) [1

{/usr/share/texmf-dist/fonts/enc/dvips/tex-gyre/q-ts1.enc}] [2

]
Chapter 1.
<software-organization.pdf, id=1683, 361.35pt x 165.57158pt>
File: software-organization.pdf Graphic file (type pdf)
<use software-organization.pdf>
Package pdftex.def Info: software-organization.pdf  used on input line 158.
(pdftex.def)             Requested size: 361.34912pt x 165.57115pt.
[3 <./software-organization.pdf>] [4]
Chapter 2.
[5

]
<time-consuming-event-handling.png, id=1710, 488.57532pt x 249.93375pt>
File: time-consuming-event-handling.png Graphic file (type png)
<use time-consuming-event-handling.png>
Package pdftex.def Info: time-consuming-event-handling.png  used on input line 
362.
(pdftex.def)             Requested size: 469.76503pt x 240.31503pt.
 [6 <./time-consuming-event-handling.png>]
LaTeX Font Info:    Font shape `T1/txtt/b/n' in size <10> not available
(Font)              Font shape `T1/txtt/bx/n' tried instead on input line 395.
 [7] [8] [9]
Underfull \hbox (badness 10000) in paragraph at lines 913--913
[]\T1/qhv/m/n/10 Re-
 []


Underfull \hbox (badness 10000) in paragraph at lines 913--913
[]\T1/qhv/m/n/10 Over-
 []


Underfull \hbox (badness 10000) in paragraph at lines 913--913
[]\T1/qhv/m/n/10 Per
 []


Underfull \hbox (badness 10000) in paragraph at lines 913--913
[]\T1/qtm/m/n/10 Log-a-rith-
 []


Underfull \hbox (badness 10000) in paragraph at lines 913--913
[]\T1/qtm/m/n/10 Log-a-rith-
 []


Underfull \hbox (badness 10000) in paragraph at lines 913--913
[]\T1/qtm/m/n/10 Pri-or-i-tyQueueSched-
 []


Overfull \hbox (11.25693pt too wide) in paragraph at lines 913--913
[]\T1/qtm/m/it/10 std::priority_queue<,std::vector>| 
 []


Underfull \hbox (badness 10000) in paragraph at lines 913--913
[]\T1/qtm/m/n/10 Log-a-
 []

[10]
LaTeX Font Info:    Font shape `T1/txtt/m/it' in size <10> not available
(Font)              Font shape `T1/txtt/m/sl' tried instead on input line 940.
 [11] [12] [13] [14] [15] [16] [17] [18] [19] [20] [21] [22] [23] [24]
Underfull \hbox (badness 10000) in paragraph at lines 2177--2177
[]\T1/txtt/m/n/9 CommandLine Config::SetDefault()
 []


Underfull \hbox (badness 10000) in paragraph at lines 2177--2177
[]\T1/txtt/m/n/9 MyClass::SetX()
 []


Underfull \hbox (badness 10000) in paragraph at lines 2177--2177
\T1/txtt/m/n/9 Object::SetAttribute()
 []

[25] [26] [27]
LaTeX Font Info:    Trying to load font information for TS1+txtt on input line 
2422.
 (/usr/share/texmf-dist/tex/latex/txfonts/ts1txtt.fd
File: ts1txtt.fd 2000/12/15 v3.1
) [28]
[29] [30] [31]
LaTeX Font Info:    Font shape `TS1/txtt/m/it' in size <10> not available
(Font)              Font shape `TS1/txtt/m/sl' tried instead on input line 2824
.

Overfull \vbox (0.77626pt too high) detected at line 2866
 []

[32{/usr/share/texmf-dist/fonts/enc/dvips/base/8r.enc}] [33] [34] [35] [36]
[37] [38] [39] [40] [41]
Overfull \vbox (1.87393pt too high) detected at line 3648
 []

[42] [43]
<gtk-config-lena-dual-stripe-device-view.png, id=1898, 444.91219pt x 499.8675pt
>
File: gtk-config-lena-dual-stripe-device-view.png Graphic file (type png)
<use gtk-config-lena-dual-stripe-device-view.png>
Package pdftex.def Info: gtk-config-lena-dual-stripe-device-view.png  used on i
nput line 3787.
(pdftex.def)             Requested size: 444.91109pt x 499.86627pt.
<gtk-config-lena-dual-stripe-eNB-tx-power.png, id=1899, 444.91219pt x 499.8675p
t>
File: gtk-config-lena-dual-stripe-eNB-tx-power.png Graphic file (type png)
<use gtk-config-lena-dual-stripe-eNB-tx-power.png>
Package pdftex.def Info: gtk-config-lena-dual-stripe-eNB-tx-power.png  used on 
input line 3793.
(pdftex.def)             Requested size: 444.91109pt x 499.86627pt.
 [44] [45 <./gtk-config-lena-dual-stripe-device-view.png>] [46 <./gtk-config-le
na-dual-stripe-eNB-tx-power.png>] [47] [48] [49] [50

]
Chapter 3.
[51] [52] [53] [54] [55] [56] [57] [58] [59] [60] [61] [62] [63] [64] [65]
[66] [67] [68] [69] [70] [71] [72] [73] [74] [75]
<dcf-overview.pdf, id=2055, 992.70876pt x 240.9pt>
File: dcf-overview.pdf Graphic file (type pdf)
<use dcf-overview.pdf>
Package pdftex.def Info: dcf-overview.pdf  used on input line 6130.
(pdftex.def)             Requested size: 469.75417pt x 113.99493pt.
<dcf-overview-with-aggregation.pdf, id=2057, 1063.975pt x 338.26375pt>
File: dcf-overview-with-aggregation.pdf Graphic file (type pdf)
<use dcf-overview-with-aggregation.pdf>
Package pdftex.def Info: dcf-overview-with-aggregation.pdf  used on input line 
6147.
(pdftex.def)             Requested size: 469.74147pt x 149.34749pt.
 [76 <./dcf-overview.pdf> <./dcf-overview-with-aggregation.pdf>] [77] [78]
<seventh-packet-byte-count.png, id=2077, 481.8pt x 361.35pt>
File: seventh-packet-byte-count.png Graphic file (type png)
<use seventh-packet-byte-count.png>
Package pdftex.def Info: seventh-packet-byte-count.png  used on input line 6360
.
(pdftex.def)             Requested size: 469.77148pt x 352.3176pt.
 [79 <./seventh-packet-byte-count.png>]
Underfull \hbox (badness 10000) in paragraph at lines 6457--6457
[]\T1/qtm/m/n/10 out-put-File-Name-With-ou-tEx-ten-
 []

[80]
Underfull \hbox (badness 10000) in paragraph at lines 6603--6607
[]\T1/qtm/m/n/10 A slightly sim-pler ex-am-ple than the \T1/txtt/m/n/9 seventh.
cc \T1/qtm/m/n/10 ex-am-ple can be found in \T1/txtt/m/n/9 src/stats/examples/
 []

<gnuplot-helper-example.png, id=2088, 481.8pt x 361.35pt>
File: gnuplot-helper-example.png Graphic file (type png)
<use gnuplot-helper-example.png>
Package pdftex.def Info: gnuplot-helper-example.png  used on input line 6612.
(pdftex.def)             Requested size: 469.77148pt x 352.3176pt.
[81] [82 <./gnuplot-helper-example.png>] [83] [84] [85] [86] [87] [88] [89]
[90] [91] [92] [93] [94] [95]
Underfull \hbox (badness 10000) in paragraph at lines 7848--7851
[]\T1/qtm/m/n/10 An ex-am-ple that ex-er-cises the Gnu-plotAg-gre-ga-tor can be
 found in \T1/txtt/m/n/9 src/stats/examples/
 []

<gnuplot-aggregator.png, id=2166, 481.8pt x 361.35pt>
File: gnuplot-aggregator.png Graphic file (type png)
<use gnuplot-aggregator.png>
Package pdftex.def Info: gnuplot-aggregator.png  used on input line 7859.
(pdftex.def)             Requested size: 469.77148pt x 352.3176pt.
[96] [97 <./gnuplot-aggregator.png>] [98] [99] [100] [101] [102] [103]
<Stat-framework-arch.png, id=2204, 1021.69942pt x 597.99883pt>
File: Stat-framework-arch.png Graphic file (type png)
<use Stat-framework-arch.png>
Package pdftex.def Info: Stat-framework-arch.png  used on input line 8497.
(pdftex.def)             Requested size: 469.75359pt x 274.95505pt.
 [104 <./Stat-framework-arch.png>]
Underfull \hbox (badness 10000) in paragraph at lines 8547--8549
[]\T1/qtm/m/n/10 Cre-at-ing nodes and net-work stacks us-ing \T1/txtt/m/n/9 ns3
::NodeContainer\T1/qtm/m/n/10 , \T1/txtt/m/n/9 ns3::WiFiHelper\T1/qtm/m/n/10 , 
and
 []

[105] [106] [107] [108] [109]
<Wifi-default.png, id=2236, 379.4175pt x 357.58594pt>
File: Wifi-default.png Graphic file (type png)
<use Wifi-default.png>
Package pdftex.def Info: Wifi-default.png  used on input line 8827.
(pdftex.def)             Requested size: 379.41656pt x 357.58505pt.
 [110 <./Wifi-default.png (PNG copy)>] [111]
<plot-2d.png, id=2258, 481.8pt x 361.35pt>
File: plot-2d.png Graphic file (type png)
<use plot-2d.png>
Package pdftex.def Info: plot-2d.png  used on input line 8996.
(pdftex.def)             Requested size: 469.77148pt x 352.3176pt.

[112] [113 <./plot-2d.png>] [114]
<plot-2d-with-error-bars.png, id=2272, 481.8pt x 361.35pt>
File: plot-2d-with-error-bars.png Graphic file (type png)
<use plot-2d-with-error-bars.png>
Package pdftex.def Info: plot-2d-with-error-bars.png  used on input line 9068.
(pdftex.def)             Requested size: 469.77148pt x 352.3176pt.
 [115 <./plot-2d-with-error-bars.png>]
[116]
<plot-3d.png, id=2282, 481.8pt x 361.35pt>
File: plot-3d.png Graphic file (type png)
<use plot-3d.png>
Package pdftex.def Info: plot-3d.png  used on input line 9152.
(pdftex.def)             Requested size: 469.77148pt x 352.3176pt.
 [117 <./plot-3d.png>]
Underfull \vbox (badness 10000) detected at line 9231
 []


Underfull \vbox (badness 10000) detected at line 9231
 []

[118] [119] [120] [121] [122]
Underfull \vbox (badness 1226) detected at line 9552
 []

[123] [124] [125] [126] [127] [128] [129] [130] [131] [132]
Chapter 4.
[133

] [134] [135] [136] [137] [138] [139] [140] [141] [142] [143] [144]
LaTeX Font Info:    Font shape `T1/txtt/b/n' in size <9> not available
(Font)              Font shape `T1/txtt/bx/n' tried instead on input line 10913
.

[145] [146]
Underfull \hbox (badness 10000) in paragraph at lines 11117--11117
[]\T1/txtt/m/n/9 ns3
 []


Underfull \hbox (badness 10000) detected at line 11117
[]\T1/txtt/m/n/9 ns3
 []


Overfull \hbox (16.0594pt too wide) in paragraph at lines 11117--11117
[]\T1/qhv/m/n/10 CMAKE_BUILD_TYPE| 
 []


Overfull \hbox (26.87227pt too wide) in paragraph at lines 11117--11117
[]\T1/qtm/m/n/10 -DNS3_NATIVE_OPTIMIZATIONS=ON| 
 []


Underfull \hbox (badness 10000) in paragraph at lines 11117--11117
[]\T1/qtm/m/n/10 -O3 -march=native -
 []


Underfull \hbox (badness 5696) in paragraph at lines 11214--11220
[]\T1/txtt/m/n/9 NS3_ASSERT \T1/qtm/m/n/10 and \T1/txtt/m/n/9 NS_LOG \T1/qtm/m/
n/10 con-trol whether the as-sert or log-ging macros are func-tional or com-pil
ed out.
 []

[147] [148] [149] [150] [151] [152]
Overfull \vbox (0.53636pt too high) detected at line 11713
 []

[153] [154] [155] [156]
Overfull \vbox (1.62044pt too high) detected at line 12197
 []

[157]
Underfull \vbox (badness 10000) detected at line 12197
 []


Underfull \vbox (badness 10000) detected at line 12197
 []

[158]
Underfull \vbox (badness 10000) detected at line 12197
 []


Underfull \vbox (badness 10000) detected at line 12197
 []

[159]
Underfull \vbox (badness 10000) detected at line 12197
 []


Underfull \vbox (badness 10000) detected at line 12197
 []

[160] [161] [162]
Underfull \vbox (badness 10000) detected at line 12328
 []


Underfull \vbox (badness 10000) detected at line 12328
 []

[163] [164]
Overfull \vbox (1.87393pt too high) detected at line 12436
 []

[165] [166]
Underfull \vbox (badness 10000) detected at line 12578
 []


Underfull \vbox (badness 10000) detected at line 12578
 []

[167]
Overfull \vbox (1.17242pt too high) detected at line 12628
 []

[168] [169] [170] [171]
Underfull \vbox (badness 10000) detected at line 12856
 []


Underfull \vbox (badness 10000) detected at line 12856
 []

[172]
Underfull \vbox (badness 1226) detected at line 12967
 []

[173]
Underfull \vbox (badness 10000) detected at line 12967
 []


Underfull \vbox (badness 10000) detected at line 12967
 []

[174] [175] [176]
Underfull \vbox (badness 10000) detected at line 13125
 []


Underfull \vbox (badness 10000) detected at line 13125
 []

[177] [178] [179]
Overfull \vbox (1.62044pt too high) detected at line 13370
 []

[180] [181] [182] [183]
Underfull \hbox (badness 10000) in paragraph at lines 13536--13540
[]\T1/qtm/m/n/10 In other plat-forms, we build an ob-ject file \T1/txtt/m/n/9 a
dd_library(${lib${BLIB_LIBNAME}[]obj} OBJECT
 []

[184] [185]
Underfull \vbox (badness 10000) detected at line 13694
 []


Overfull \vbox (3.12196pt too high) detected at line 13694
 []

[186] [187] [188]
Underfull \vbox (badness 1226) detected at line 13866
 []

[189] [190]
Underfull \hbox (badness 6396) in paragraph at lines 13964--13969
[]\T1/qtm/m/n/10 The [][]\T1/qtm/m/it/10 build_exec[][] \T1/qtm/m/n/10 macro wi
ll also set re-sult-ing folder where the ex-am-ple will end up af-ter built (e.
g.
 []


Underfull \hbox (badness 6944) in paragraph at lines 13964--13969
\T1/qtm/m/n/10 build/src/module/examples). It does that by for-ward-ing the \T1
/txtt/m/n/9 EXECUTABLE_DIRECTORY_PATH \T1/qtm/m/n/10 to the macro
 []

[191]
Underfull \vbox (badness 1226) detected at line 14083
 []

[192]
Underfull \vbox (badness 1226) detected at line 14121
 []

[193]
Overfull \vbox (1.17242pt too high) detected at line 14222
 []

[194]
Underfull \vbox (badness 10000) detected at line 14222
 []


Underfull \vbox (badness 10000) detected at line 14222
 []

[195] [196] [197] [198] [199] [200] [201] [202] [203]
LaTeX Font Info:    Font shape `T1/txtt/b/n' in size <12> not available
(Font)              Font shape `T1/txtt/bx/n' tried instead on input line 14731
.
 [204] [205] [206]
[207] [208] [209]
Underfull \hbox (badness 5667) in paragraph at lines 15603--15610
[]\T1/qtm/m/n/10 Use a unary op-er-a-tor (pre-ferred) or an ex-plicit cast for 
any vari-able of type uint8_t or int8_t,
 []


Underfull \hbox (badness 10000) in paragraph at lines 15603--15610
\T1/qtm/m/n/10 e.g., \T1/txtt/m/n/9 NS_LOG_DEBUG("Variable i is " << +i);\T1/qt
m/m/n/10 . e.g., \T1/txtt/m/n/9 NS_LOG_DEBUG("Variable i is " <<
 []

[210] [211] [212] [213] [214] [215] [216] [217] [218] [219] [220] [221]
[222] [223] [224] [225] [226] [227] [228] [229] [230]

Package hyperref Warning: Token not allowed in a PDF string (Unicode):
(hyperref)                removing `\sphinxtitleref' on input line 17362.

[231] [232] [233]

Package hyperref Warning: Token not allowed in a PDF string (Unicode):
(hyperref)                removing `\sphinxtitleref' on input line 17530.


Package hyperref Warning: Token not allowed in a PDF string (Unicode):
(hyperref)                removing `\sphinxtitleref' on input line 17530.


Package hyperref Warning: Token not allowed in a PDF string (Unicode):
(hyperref)                removing `\sphinxtitleref' on input line 17561.

[234]

Package hyperref Warning: Token not allowed in a PDF string (Unicode):
(hyperref)                removing `\sphinxtitleref' on input line 17611.

[235] [236] [237] [238] [239] [240] [241] [242] [243] [244] [245] [246]
[247] [248] [249] [250] [251] [252] [253] [254] [255] [256] [257]
Overfull \hbox (106.49341pt too wide) in paragraph at lines 19564--19564
[][]\T1/txtt/m/n/10 ns3::TdTbfqFfMacScheduler::DoSchedDlTriggerReq[]([]ns3::FfM
acSchedSapProvider::SchedDlTriggerReqParameters[][] 
 []

[258] [259] [260]
Overfull \vbox (1.87393pt too high) detected at line 19802
 []

[261]
Underfull \vbox (badness 10000) detected at line 19802
 []


Underfull \vbox (badness 10000) detected at line 19802
 []

[262]
<heaptrack.png, id=3037, 2759.81062pt x 1356.56813pt>
File: heaptrack.png Graphic file (type png)
<use heaptrack.png>
Package pdftex.def Info: heaptrack.png  used on input line 19854.
(pdftex.def)             Requested size: 469.75116pt x 230.90332pt.
 [263] [264 <./heaptrack.png>] [265] [266]
<hotspot-setup.png, id=3072, 1464.97313pt x 883.80188pt>
File: hotspot-setup.png Graphic file (type png)
<use hotspot-setup.png>
Package pdftex.def Info: hotspot-setup.png  used on input line 20124.
(pdftex.def)             Requested size: 469.73984pt x 283.40227pt.
 [267]
<hotspot-cycles.png, id=3078, 2716.1475pt x 1177.39874pt>
File: hotspot-cycles.png Graphic file (type png)
<use hotspot-cycles.png>
Package pdftex.def Info: hotspot-cycles.png  used on input line 20130.
(pdftex.def)             Requested size: 469.73785pt x 203.6225pt.
<hotspot-top-down.png, id=3079, 2749.27126pt x 1254.18562pt>
File: hotspot-top-down.png Graphic file (type png)
<use hotspot-top-down.png>
Package pdftex.def Info: hotspot-top-down.png  used on input line 20136.
(pdftex.def)             Requested size: 469.71916pt x 214.28043pt.
 [268 <./hotspot-setup.png> <./hotspot-cycles.png>]
<uprof-start.png, id=3093, 1432.60219pt x 850.67813pt>
File: uprof-start.png Graphic file (type png)
<use uprof-start.png>
Package pdftex.def Info: uprof-start.png  used on input line 20184.
(pdftex.def)             Requested size: 469.74355pt x 278.94635pt.
 [269 <./hotspot-top-down.png>]
<uprof-profile-application.png, id=3102, 2178.63937pt x 911.65594pt>
File: uprof-profile-application.png Graphic file (type png)
<use uprof-profile-application.png>
Package pdftex.def Info: uprof-profile-application.png  used on input line 2019
8.
(pdftex.def)             Requested size: 469.72807pt x 196.57254pt.
 [270 <./uprof-start.png> <./uprof-profile-application.png>]
<uprof-select-events.png, id=3109, 2464.70813pt x 1346.02875pt>
File: uprof-select-events.png Graphic file (type png)
<use uprof-select-events.png>
Package pdftex.def Info: uprof-select-events.png  used on input line 20293.
(pdftex.def)             Requested size: 469.72853pt x 256.5286pt.
<uprof-collect-callstack.png, id=3110, 2464.70813pt x 1346.02875pt>
File: uprof-collect-callstack.png Graphic file (type png)
<use uprof-collect-callstack.png>
Package pdftex.def Info: uprof-collect-callstack.png  used on input line 20298.

(pdftex.def)             Requested size: 469.72853pt x 256.5286pt.
 [271 <./uprof-select-events.png>]
<uprof-stats.png, id=3116, 2464.70813pt x 1346.02875pt>
File: uprof-stats.png Graphic file (type png)
<use uprof-stats.png>
Package pdftex.def Info: uprof-stats.png  used on input line 20312.
(pdftex.def)             Requested size: 469.72853pt x 256.5286pt.

[272 <./uprof-collect-callstack.png> <./uprof-stats.png>]
Underfull \hbox (badness 7221) in paragraph at lines 20347--20352
[]\T1/qtm/m/n/10 Position-Independent Code li-braries ([]\T1/txtt/m/n/9 fPIC\T1
/qtm/m/n/10 ) have an ad-di-tional layer of in-di-rec-tion that in-creases
 []


Underfull \hbox (badness 6204) in paragraph at lines 20347--20352
\T1/qtm/m/n/10 in-struc-tion cache misses. The adopted so-lu-tion was to dis-ab
le [][]se-man-tic in-ter-po-si-tion[][] with flag
 []

<vtune-landing.png, id=3135, 1156.32pt x 620.91975pt>
File: vtune-landing.png Graphic file (type png)
<use vtune-landing.png>
Package pdftex.def Info: vtune-landing.png  used on input line 20375.
(pdftex.def)             Requested size: 469.75385pt x 252.24802pt.
[273 <./vtune-landing.png>]
<vtune-configure.png, id=3145, 1156.32pt x 620.91975pt>
File: vtune-configure.png Graphic file (type png)
<use vtune-configure.png>
Package pdftex.def Info: vtune-configure.png  used on input line 20394.
(pdftex.def)             Requested size: 469.75385pt x 252.24802pt.
<vtune-perf-snapshot.png, id=3146, 1156.32pt x 620.91975pt>
File: vtune-perf-snapshot.png Graphic file (type png)
<use vtune-perf-snapshot.png>
Package pdftex.def Info: vtune-perf-snapshot.png  used on input line 20403.
(pdftex.def)             Requested size: 469.75385pt x 252.24802pt.
 [274 <./vtune-configure.png> <./vtune-perf-snapshot.png>]
<vtune-select-uarch-profiling.png, id=3153, 1156.32pt x 620.91975pt>
File: vtune-select-uarch-profiling.png Graphic file (type png)
<use vtune-select-uarch-profiling.png>
Package pdftex.def Info: vtune-select-uarch-profiling.png  used on input line 2
0409.
(pdftex.def)             Requested size: 469.75385pt x 252.24802pt.
<vtune-uarch-profiling-summary.png, id=3154, 1156.32pt x 620.91975pt>
File: vtune-uarch-profiling-summary.png Graphic file (type png)
<use vtune-uarch-profiling-summary.png>
Package pdftex.def Info: vtune-uarch-profiling-summary.png  used on input line 
20416.
(pdftex.def)             Requested size: 469.75385pt x 252.24802pt.
 [275 <./vtune-select-uarch-profiling.png> <./vtune-uarch-profiling-summary.png
>]
<vtune-uarch-wifi-stats.png, id=3162, 1156.32pt x 620.91975pt>
File: vtune-uarch-wifi-stats.png Graphic file (type png)
<use vtune-uarch-wifi-stats.png>
Package pdftex.def Info: vtune-uarch-wifi-stats.png  used on input line 20434.
(pdftex.def)             Requested size: 469.75385pt x 252.24802pt.
<vtune-uarch-core-stats.png, id=3163, 1156.32pt x 620.91975pt>
File: vtune-uarch-core-stats.png Graphic file (type png)
<use vtune-uarch-core-stats.png>
Package pdftex.def Info: vtune-uarch-core-stats.png  used on input line 20443.
(pdftex.def)             Requested size: 469.75385pt x 252.24802pt.
 [276 <./vtune-uarch-wifi-stats.png> <./vtune-uarch-core-stats.png>]
[277] [278]
<uprof-strace-lte.png, id=3185, 2377.38188pt x 573.64313pt>
File: uprof-strace-lte.png Graphic file (type png)
<use uprof-strace-lte.png>
Package pdftex.def Info: uprof-strace-lte.png  used on input line 20598.
(pdftex.def)             Requested size: 469.73637pt x 113.3436pt.
 [279 <./uprof-strace-lte.png>] [280]
Underfull \vbox (badness 10000) detected at line 20786
 []


Underfull \vbox (badness 10000) detected at line 20786
 []

[281] [282]
<perfetto-trace-cmake.png, id=3214, 2768.84438pt x 1117.17375pt>
File: perfetto-trace-cmake.png Graphic file (type png)
<use perfetto-trace-cmake.png>
Package pdftex.def Info: perfetto-trace-cmake.png  used on input line 20874.
(pdftex.def)             Requested size: 469.7256pt x 189.52495pt.
 [283] [284 <./perfetto-trace-cmake.png>] [285] [286]
Chapter 5.
[287

] [288] [289] [290

]
Chapter 6.
[291] [292] [293] [294] [295] [296] [297] [298] [299] [300

] (./ns-3-manual.ind
[301

] [302

] [303


]) (./ns-3-manual.aux)
Package rerunfilecheck Info: File `ns-3-manual.out' has not changed.
(rerunfilecheck)             Checksum: 2E8C52054012DC4AA197C88AE37AD0EB;71712.
 ) 
Here is how much of TeX's memory you used:
 18063 strings out of 477985
 308891 string characters out of 5840058
 2115388 words of memory out of 5000000
 37045 multiletter control sequences out of 15000+600000
 586074 words of font info for 88 fonts, out of 8000000 for 9000
 15 hyphenation exceptions out of 8191
 72i,19n,76p,6184b,739s stack positions out of 10000i,1000n,20000p,200000b,200000s
</usr/share/texmf-dist/fonts/type1/public/amsfonts/cm/cmmi10.pfb></usr/share/
texmf-dist/fonts/type1/public/amsfonts/cm/cmmi5.pfb></usr/share/texmf-dist/font
s/type1/public/amsfonts/cm/cmr10.pfb></usr/share/texmf-dist/fonts/type1/public/
amsfonts/cm/cmr7.pfb></usr/share/texmf-dist/fonts/type1/public/amsfonts/cm/cmsy
5.pfb></usr/share/texmf-dist/fonts/type1/public/amsfonts/symbols/msam10.pfb></u
sr/share/texmf-dist/fonts/type1/public/tex-gyre/qhvb.pfb></usr/share/texmf-dist
/fonts/type1/public/tex-gyre/qhvbi.pfb></usr/share/texmf-dist/fonts/type1/publi
c/tex-gyre/qhvr.pfb></usr/share/texmf-dist/fonts/type1/public/tex-gyre/qhvri.pf
b></usr/share/texmf-dist/fonts/type1/public/tex-gyre/qtmb.pfb></usr/share/texmf
-dist/fonts/type1/public/tex-gyre/qtmr.pfb></usr/share/texmf-dist/fonts/type1/p
ublic/tex-gyre/qtmri.pfb></usr/share/texmf-dist/fonts/type1/public/txfonts/t1xb
tt.pfb></usr/share/texmf-dist/fonts/type1/public/txfonts/t1xtt.pfb></usr/share/
texmf-dist/fonts/type1/public/txfonts/t1xtt.pfb></usr/share/texmf-dist/fonts/ty
pe1/public/txfonts/tcxtt.pfb></usr/share/texmf-dist/fonts/type1/urw/times/utmr8
a.pfb>
Output written on ns-3-manual.pdf (307 pages, 6906335 bytes).
PDF statistics:
 3578 PDF objects out of 3580 (max. 8388607)
 3146 compressed objects within 32 object streams
 771 named destinations out of 1000 (max. 500000)
 3362 words of extra memory for PDF output out of 10000 (max. 10000000)

